[INFO] [2017-04-10 14:34:05][org.springframework.context.support.ClassPathXmlApplicationContext]Refreshing org.springframework.context.support.ClassPathXmlApplicationContext@59c7d395: startup date [Mon Apr 10 14:34:05 CST 2017]; root of context hierarchy
  [INFO] [2017-04-10 14:34:05][org.springframework.beans.factory.xml.XmlBeanDefinitionReader]Loading XML bean definitions from class path resource [applicationContext.xml]
  [INFO] [2017-04-10 14:35:18][org.springframework.context.support.ClassPathXmlApplicationContext]Refreshing org.springframework.context.support.ClassPathXmlApplicationContext@59c7d395: startup date [Mon Apr 10 14:35:18 CST 2017]; root of context hierarchy
  [INFO] [2017-04-10 14:35:18][org.springframework.beans.factory.xml.XmlBeanDefinitionReader]Loading XML bean definitions from class path resource [spring-mybatis.xml]
  [WARN] [2017-04-10 14:35:19][org.mybatis.spring.mapper.ClassPathMapperScanner]No MyBatis mapper was found in '[com.cn.hnust.dao]' package. Please check your configuration.
  [INFO] [2017-04-10 14:35:19][org.springframework.beans.factory.config.PropertyPlaceholderConfigurer]Loading properties file from class path resource [jdbc.properties]
  [INFO] [2017-04-10 14:35:19][org.springframework.beans.factory.annotation.AutowiredAnnotationBeanPostProcessor]JSR-330 'javax.inject.Inject' annotation found and supported for autowiring
  [INFO] [2017-04-10 14:38:00][org.springframework.context.support.ClassPathXmlApplicationContext]Refreshing org.springframework.context.support.ClassPathXmlApplicationContext@31b8c5e3: startup date [Mon Apr 10 14:38:00 CST 2017]; root of context hierarchy
  [INFO] [2017-04-10 14:38:00][org.springframework.beans.factory.xml.XmlBeanDefinitionReader]Loading XML bean definitions from class path resource [spring-mybatis.xml]
  [WARN] [2017-04-10 14:38:01][org.mybatis.spring.mapper.ClassPathMapperScanner]No MyBatis mapper was found in '[com.yu.dao.idao]' package. Please check your configuration.
  [INFO] [2017-04-10 14:38:01][org.springframework.beans.factory.config.PropertyPlaceholderConfigurer]Loading properties file from class path resource [jdbc.properties]
  [INFO] [2017-04-10 14:38:01][org.springframework.beans.factory.annotation.AutowiredAnnotationBeanPostProcessor]JSR-330 'javax.inject.Inject' annotation found and supported for autowiring
  [INFO] [2017-04-10 14:39:00][org.springframework.context.support.ClassPathXmlApplicationContext]Refreshing org.springframework.context.support.ClassPathXmlApplicationContext@59c7d395: startup date [Mon Apr 10 14:39:00 CST 2017]; root of context hierarchy
  [INFO] [2017-04-10 14:39:00][org.springframework.beans.factory.xml.XmlBeanDefinitionReader]Loading XML bean definitions from class path resource [spring-mybatis.xml]
  [WARN] [2017-04-10 14:39:01][org.mybatis.spring.mapper.ClassPathMapperScanner]No MyBatis mapper was found in '[com.yu.dao.idao]' package. Please check your configuration.
  [INFO] [2017-04-10 14:39:01][org.springframework.beans.factory.config.PropertyPlaceholderConfigurer]Loading properties file from class path resource [jdbc.properties]
  [INFO] [2017-04-10 14:39:01][org.springframework.beans.factory.annotation.AutowiredAnnotationBeanPostProcessor]JSR-330 'javax.inject.Inject' annotation found and supported for autowiring
  [INFO] [2017-04-10 14:40:06][org.springframework.context.support.ClassPathXmlApplicationContext]Refreshing org.springframework.context.support.ClassPathXmlApplicationContext@59c7d395: startup date [Mon Apr 10 14:40:06 CST 2017]; root of context hierarchy
  [INFO] [2017-04-10 14:40:06][org.springframework.beans.factory.xml.XmlBeanDefinitionReader]Loading XML bean definitions from class path resource [spring-mybatis.xml]
  [WARN] [2017-04-10 14:40:06][org.mybatis.spring.mapper.ClassPathMapperScanner]No MyBatis mapper was found in '[com.yu.dao.idao]' package. Please check your configuration.
  [INFO] [2017-04-10 14:40:06][org.springframework.beans.factory.config.PropertyPlaceholderConfigurer]Loading properties file from class path resource [jdbc.properties]
  [INFO] [2017-04-10 14:40:06][org.springframework.beans.factory.annotation.AutowiredAnnotationBeanPostProcessor]JSR-330 'javax.inject.Inject' annotation found and supported for autowiring
  [INFO] [2017-04-10 14:40:33][org.springframework.context.support.ClassPathXmlApplicationContext]Refreshing org.springframework.context.support.ClassPathXmlApplicationContext@59c7d395: startup date [Mon Apr 10 14:40:33 CST 2017]; root of context hierarchy
  [INFO] [2017-04-10 14:40:33][org.springframework.beans.factory.xml.XmlBeanDefinitionReader]Loading XML bean definitions from class path resource [spring-mybatis.xml]
  [WARN] [2017-04-10 14:40:33][org.mybatis.spring.mapper.ClassPathMapperScanner]No MyBatis mapper was found in '[com.yu.dao.idao]' package. Please check your configuration.
  [INFO] [2017-04-10 14:40:33][org.springframework.beans.factory.config.PropertyPlaceholderConfigurer]Loading properties file from class path resource [jdbc.properties]
  [INFO] [2017-04-10 14:40:33][org.springframework.beans.factory.annotation.AutowiredAnnotationBeanPostProcessor]JSR-330 'javax.inject.Inject' annotation found and supported for autowiring
  [INFO] [2017-04-10 14:53:20][org.springframework.beans.factory.xml.XmlBeanDefinitionReader]Loading XML bean definitions from class path resource [spring-mybatis.xml]
  [INFO] [2017-04-10 14:53:21][org.springframework.context.support.GenericApplicationContext]Refreshing org.springframework.context.support.GenericApplicationContext@a52a72a: startup date [Mon Apr 10 14:53:21 CST 2017]; root of context hierarchy
  [INFO] [2017-04-10 14:53:21][org.springframework.beans.factory.config.PropertyPlaceholderConfigurer]Loading properties file from class path resource [jdbc.properties]
  [INFO] [2017-04-10 14:53:21][org.springframework.beans.factory.annotation.AutowiredAnnotationBeanPostProcessor]JSR-330 'javax.inject.Inject' annotation found and supported for autowiring
  [ERROR] [2017-04-10 14:53:21][org.springframework.test.context.TestContextManager]Caught exception while allowing TestExecutionListener [org.springframework.test.context.support.DependencyInjectionTestExecutionListener@2e956751] to prepare test instance [test.TestM@52b20ebb]
  java.lang.IllegalStateException: @Resource annotation is not supported on static fields
	at org.springframework.context.annotation.CommonAnnotationBeanPostProcessor.findResourceMetadata(CommonAnnotationBeanPostProcessor.java:342)
	at org.springframework.context.annotation.CommonAnnotationBeanPostProcessor.postProcessPropertyValues(CommonAnnotationBeanPostProcessor.java:302)
	at org.springframework.beans.factory.support.AbstractAutowireCapableBeanFactory.populateBean(AbstractAutowireCapableBeanFactory.java:1185)
	at org.springframework.beans.factory.support.AbstractAutowireCapableBeanFactory.autowireBeanProperties(AbstractAutowireCapableBeanFactory.java:384)
	at org.springframework.test.context.support.DependencyInjectionTestExecutionListener.injectDependencies(DependencyInjectionTestExecutionListener.java:110)
	at org.springframework.test.context.support.DependencyInjectionTestExecutionListener.prepareTestInstance(DependencyInjectionTestExecutionListener.java:75)
	at org.springframework.test.context.TestContextManager.prepareTestInstance(TestContextManager.java:319)
	at org.springframework.test.context.junit4.SpringJUnit4ClassRunner.createTest(SpringJUnit4ClassRunner.java:212)
	at org.springframework.test.context.junit4.SpringJUnit4ClassRunner$1.runReflectiveCall(SpringJUnit4ClassRunner.java:289)
	at org.junit.internal.runners.model.ReflectiveCallable.run(ReflectiveCallable.java:12)
	at org.springframework.test.context.junit4.SpringJUnit4ClassRunner.methodBlock(SpringJUnit4ClassRunner.java:291)
	at org.springframework.test.context.junit4.SpringJUnit4ClassRunner.runChild(SpringJUnit4ClassRunner.java:232)
	at org.springframework.test.context.junit4.SpringJUnit4ClassRunner.runChild(SpringJUnit4ClassRunner.java:89)
	at org.junit.runners.ParentRunner$3.run(ParentRunner.java:238)
	at org.junit.runners.ParentRunner$1.schedule(ParentRunner.java:63)
	at org.junit.runners.ParentRunner.runChildren(ParentRunner.java:236)
	at org.junit.runners.ParentRunner.access$000(ParentRunner.java:53)
	at org.junit.runners.ParentRunner$2.evaluate(ParentRunner.java:229)
	at org.springframework.test.context.junit4.statements.RunBeforeTestClassCallbacks.evaluate(RunBeforeTestClassCallbacks.java:61)
	at org.springframework.test.context.junit4.statements.RunAfterTestClassCallbacks.evaluate(RunAfterTestClassCallbacks.java:71)
	at org.junit.runners.ParentRunner.run(ParentRunner.java:309)
	at org.springframework.test.context.junit4.SpringJUnit4ClassRunner.run(SpringJUnit4ClassRunner.java:175)
	at org.eclipse.jdt.internal.junit4.runner.JUnit4TestReference.run(JUnit4TestReference.java:50)
	at org.eclipse.jdt.internal.junit.runner.TestExecution.run(TestExecution.java:38)
	at org.eclipse.jdt.internal.junit.runner.RemoteTestRunner.runTests(RemoteTestRunner.java:467)
	at org.eclipse.jdt.internal.junit.runner.RemoteTestRunner.runTests(RemoteTestRunner.java:683)
	at org.eclipse.jdt.internal.junit.runner.RemoteTestRunner.run(RemoteTestRunner.java:390)
	at org.eclipse.jdt.internal.junit.runner.RemoteTestRunner.main(RemoteTestRunner.java:197)
[INFO] [2017-04-10 14:53:21][org.springframework.context.support.GenericApplicationContext]Closing org.springframework.context.support.GenericApplicationContext@a52a72a: startup date [Mon Apr 10 14:53:21 CST 2017]; root of context hierarchy
  [INFO] [2017-04-10 14:53:54][org.springframework.beans.factory.xml.XmlBeanDefinitionReader]Loading XML bean definitions from class path resource [spring-mybatis.xml]
  [INFO] [2017-04-10 14:53:54][org.springframework.context.support.GenericApplicationContext]Refreshing org.springframework.context.support.GenericApplicationContext@a52a72a: startup date [Mon Apr 10 14:53:54 CST 2017]; root of context hierarchy
  [INFO] [2017-04-10 14:53:55][org.springframework.beans.factory.config.PropertyPlaceholderConfigurer]Loading properties file from class path resource [jdbc.properties]
  [INFO] [2017-04-10 14:53:55][org.springframework.beans.factory.annotation.AutowiredAnnotationBeanPostProcessor]JSR-330 'javax.inject.Inject' annotation found and supported for autowiring
  [INFO] [2017-04-10 14:53:55][org.springframework.context.support.GenericApplicationContext]Closing org.springframework.context.support.GenericApplicationContext@a52a72a: startup date [Mon Apr 10 14:53:54 CST 2017]; root of context hierarchy
  [INFO] [2017-04-10 15:59:49][org.springframework.beans.factory.xml.XmlBeanDefinitionReader]Loading XML bean definitions from class path resource [spring-mybatis.xml]
  [INFO] [2017-04-10 15:59:49][org.springframework.context.support.GenericApplicationContext]Refreshing org.springframework.context.support.GenericApplicationContext@3159fa96: startup date [Mon Apr 10 15:59:49 CST 2017]; root of context hierarchy
  [INFO] [2017-04-10 15:59:50][org.springframework.beans.factory.config.PropertyPlaceholderConfigurer]Loading properties file from class path resource [jdbc.properties]
  [INFO] [2017-04-10 15:59:50][org.springframework.beans.factory.annotation.AutowiredAnnotationBeanPostProcessor]JSR-330 'javax.inject.Inject' annotation found and supported for autowiring
  [INFO] [2017-04-10 15:59:50][org.springframework.context.support.GenericApplicationContext]Closing org.springframework.context.support.GenericApplicationContext@3159fa96: startup date [Mon Apr 10 15:59:49 CST 2017]; root of context hierarchy
  [INFO] [2017-04-10 16:02:31][org.springframework.beans.factory.xml.XmlBeanDefinitionReader]Loading XML bean definitions from class path resource [spring-mybatis.xml]
  [INFO] [2017-04-10 16:02:32][org.springframework.context.support.GenericApplicationContext]Refreshing org.springframework.context.support.GenericApplicationContext@a52a72a: startup date [Mon Apr 10 16:02:32 CST 2017]; root of context hierarchy
  [INFO] [2017-04-10 16:02:32][org.springframework.beans.factory.config.PropertyPlaceholderConfigurer]Loading properties file from class path resource [jdbc.properties]
  [INFO] [2017-04-10 16:02:32][org.springframework.beans.factory.annotation.AutowiredAnnotationBeanPostProcessor]JSR-330 'javax.inject.Inject' annotation found and supported for autowiring
  [INFO] [2017-04-10 16:02:32][org.springframework.context.support.GenericApplicationContext]Closing org.springframework.context.support.GenericApplicationContext@a52a72a: startup date [Mon Apr 10 16:02:32 CST 2017]; root of context hierarchy
  [INFO] [2017-04-10 16:09:40][org.springframework.beans.factory.xml.XmlBeanDefinitionReader]Loading XML bean definitions from class path resource [spring-mybatis.xml]
  [INFO] [2017-04-10 16:09:40][org.springframework.context.support.GenericApplicationContext]Refreshing org.springframework.context.support.GenericApplicationContext@a52a72a: startup date [Mon Apr 10 16:09:40 CST 2017]; root of context hierarchy
  [INFO] [2017-04-10 16:09:40][org.springframework.beans.factory.config.PropertyPlaceholderConfigurer]Loading properties file from class path resource [jdbc.properties]
  [INFO] [2017-04-10 16:09:40][org.springframework.beans.factory.annotation.AutowiredAnnotationBeanPostProcessor]JSR-330 'javax.inject.Inject' annotation found and supported for autowiring
  [INFO] [2017-04-10 16:09:41][org.springframework.context.support.GenericApplicationContext]Closing org.springframework.context.support.GenericApplicationContext@a52a72a: startup date [Mon Apr 10 16:09:40 CST 2017]; root of context hierarchy
  [INFO] [2017-04-10 16:11:24][org.springframework.beans.factory.xml.XmlBeanDefinitionReader]Loading XML bean definitions from class path resource [spring-mybatis.xml]
  [INFO] [2017-04-10 16:11:25][org.springframework.context.support.GenericApplicationContext]Refreshing org.springframework.context.support.GenericApplicationContext@3159fa96: startup date [Mon Apr 10 16:11:25 CST 2017]; root of context hierarchy
  [INFO] [2017-04-10 16:11:25][org.springframework.beans.factory.config.PropertyPlaceholderConfigurer]Loading properties file from class path resource [jdbc.properties]
  [INFO] [2017-04-10 16:11:25][org.springframework.beans.factory.annotation.AutowiredAnnotationBeanPostProcessor]JSR-330 'javax.inject.Inject' annotation found and supported for autowiring
  [ERROR] [2017-04-10 16:11:25][org.springframework.test.context.TestContextManager]Caught exception while allowing TestExecutionListener [org.springframework.test.context.support.DependencyInjectionTestExecutionListener@4419a681] to prepare test instance [test.TestM@70028214]
  java.lang.IllegalStateException: Failed to load ApplicationContext
	at org.springframework.test.context.CacheAwareContextLoaderDelegate.loadContext(CacheAwareContextLoaderDelegate.java:99)
	at org.springframework.test.context.DefaultTestContext.getApplicationContext(DefaultTestContext.java:101)
	at org.springframework.test.context.support.DependencyInjectionTestExecutionListener.injectDependencies(DependencyInjectionTestExecutionListener.java:109)
	at org.springframework.test.context.support.DependencyInjectionTestExecutionListener.prepareTestInstance(DependencyInjectionTestExecutionListener.java:75)
	at org.springframework.test.context.TestContextManager.prepareTestInstance(TestContextManager.java:319)
	at org.springframework.test.context.junit4.SpringJUnit4ClassRunner.createTest(SpringJUnit4ClassRunner.java:212)
	at org.springframework.test.context.junit4.SpringJUnit4ClassRunner$1.runReflectiveCall(SpringJUnit4ClassRunner.java:289)
	at org.junit.internal.runners.model.ReflectiveCallable.run(ReflectiveCallable.java:12)
	at org.springframework.test.context.junit4.SpringJUnit4ClassRunner.methodBlock(SpringJUnit4ClassRunner.java:291)
	at org.springframework.test.context.junit4.SpringJUnit4ClassRunner.runChild(SpringJUnit4ClassRunner.java:232)
	at org.springframework.test.context.junit4.SpringJUnit4ClassRunner.runChild(SpringJUnit4ClassRunner.java:89)
	at org.junit.runners.ParentRunner$3.run(ParentRunner.java:238)
	at org.junit.runners.ParentRunner$1.schedule(ParentRunner.java:63)
	at org.junit.runners.ParentRunner.runChildren(ParentRunner.java:236)
	at org.junit.runners.ParentRunner.access$000(ParentRunner.java:53)
	at org.junit.runners.ParentRunner$2.evaluate(ParentRunner.java:229)
	at org.springframework.test.context.junit4.statements.RunBeforeTestClassCallbacks.evaluate(RunBeforeTestClassCallbacks.java:61)
	at org.springframework.test.context.junit4.statements.RunAfterTestClassCallbacks.evaluate(RunAfterTestClassCallbacks.java:71)
	at org.junit.runners.ParentRunner.run(ParentRunner.java:309)
	at org.springframework.test.context.junit4.SpringJUnit4ClassRunner.run(SpringJUnit4ClassRunner.java:175)
	at org.eclipse.jdt.internal.junit4.runner.JUnit4TestReference.run(JUnit4TestReference.java:50)
	at org.eclipse.jdt.internal.junit.runner.TestExecution.run(TestExecution.java:38)
	at org.eclipse.jdt.internal.junit.runner.RemoteTestRunner.runTests(RemoteTestRunner.java:467)
	at org.eclipse.jdt.internal.junit.runner.RemoteTestRunner.runTests(RemoteTestRunner.java:683)
	at org.eclipse.jdt.internal.junit.runner.RemoteTestRunner.run(RemoteTestRunner.java:390)
	at org.eclipse.jdt.internal.junit.runner.RemoteTestRunner.main(RemoteTestRunner.java:197)
Caused by: org.springframework.beans.factory.BeanCreationException: Error creating bean with name 'testController': Injection of resource dependencies failed; nested exception is org.springframework.beans.factory.BeanCreationException: Error creating bean with name 'testService': Injection of autowired dependencies failed; nested exception is org.springframework.beans.factory.BeanCreationException: Could not autowire field: private com.yu.dao.idao.CompanyMapper com.yu.services.impl.TestServiceImpl.cm; nested exception is org.springframework.beans.factory.NoSuchBeanDefinitionException: No qualifying bean of type [com.yu.dao.idao.CompanyMapper] found for dependency: expected at least 1 bean which qualifies as autowire candidate for this dependency. Dependency annotations: {@org.springframework.beans.factory.annotation.Autowired(required=true)}
Related cause: org.springframework.beans.factory.BeanCreationException: Error creating bean with name 'companyMapper' defined in file [E:\workspace\SSM2 Maven Webapp\target\classes\com\yu\dao\idao\CompanyMapper.class]: Cannot resolve reference to bean 'sqlSessionFactory' while setting bean property 'sqlSessionFactory'; nested exception is org.springframework.beans.factory.BeanCreationException: Error creating bean with name 'sqlSessionFactory' defined in class path resource [spring-mybatis.xml]: Initialization of bean failed; nested exception is org.springframework.beans.TypeMismatchException: Failed to convert property value of type 'java.lang.String' to required type 'org.springframework.core.io.Resource[]' for property 'mapperLocations'; nested exception is java.lang.IllegalArgumentException: Could not resolve resource location pattern [classpath:com/yu/dao/mapper/*.xml]: class path resource [com/yu/dao/mapper/] cannot be resolved to URL because it does not exist
	at org.springframework.context.annotation.CommonAnnotationBeanPostProcessor.postProcessPropertyValues(CommonAnnotationBeanPostProcessor.java:307)
	at org.springframework.beans.factory.support.AbstractAutowireCapableBeanFactory.populateBean(AbstractAutowireCapableBeanFactory.java:1185)
	at org.springframework.beans.factory.support.AbstractAutowireCapableBeanFactory.doCreateBean(AbstractAutowireCapableBeanFactory.java:537)
	at org.springframework.beans.factory.support.AbstractAutowireCapableBeanFactory.createBean(AbstractAutowireCapableBeanFactory.java:475)
	at org.springframework.beans.factory.support.AbstractBeanFactory$1.getObject(AbstractBeanFactory.java:304)
	at org.springframework.beans.factory.support.DefaultSingletonBeanRegistry.getSingleton(DefaultSingletonBeanRegistry.java:228)
	at org.springframework.beans.factory.support.AbstractBeanFactory.doGetBean(AbstractBeanFactory.java:300)
	at org.springframework.beans.factory.support.AbstractBeanFactory.getBean(AbstractBeanFactory.java:195)
	at org.springframework.beans.factory.support.DefaultListableBeanFactory.preInstantiateSingletons(DefaultListableBeanFactory.java:700)
	at org.springframework.context.support.AbstractApplicationContext.finishBeanFactoryInitialization(AbstractApplicationContext.java:760)
	at org.springframework.context.support.AbstractApplicationContext.refresh(AbstractApplicationContext.java:482)
	at org.springframework.test.context.support.AbstractGenericContextLoader.loadContext(AbstractGenericContextLoader.java:121)
	at org.springframework.test.context.support.AbstractGenericContextLoader.loadContext(AbstractGenericContextLoader.java:60)
	at org.springframework.test.context.support.AbstractDelegatingSmartContextLoader.delegateLoading(AbstractDelegatingSmartContextLoader.java:100)
	at org.springframework.test.context.support.AbstractDelegatingSmartContextLoader.loadContext(AbstractDelegatingSmartContextLoader.java:250)
	at org.springframework.test.context.CacheAwareContextLoaderDelegate.loadContextInternal(CacheAwareContextLoaderDelegate.java:64)
	at org.springframework.test.context.CacheAwareContextLoaderDelegate.loadContext(CacheAwareContextLoaderDelegate.java:91)
	... 25 more
Caused by: org.springframework.beans.factory.BeanCreationException: Error creating bean with name 'testService': Injection of autowired dependencies failed; nested exception is org.springframework.beans.factory.BeanCreationException: Could not autowire field: private com.yu.dao.idao.CompanyMapper com.yu.services.impl.TestServiceImpl.cm; nested exception is org.springframework.beans.factory.NoSuchBeanDefinitionException: No qualifying bean of type [com.yu.dao.idao.CompanyMapper] found for dependency: expected at least 1 bean which qualifies as autowire candidate for this dependency. Dependency annotations: {@org.springframework.beans.factory.annotation.Autowired(required=true)}
	at org.springframework.beans.factory.annotation.AutowiredAnnotationBeanPostProcessor.postProcessPropertyValues(AutowiredAnnotationBeanPostProcessor.java:292)
	at org.springframework.beans.factory.support.AbstractAutowireCapableBeanFactory.populateBean(AbstractAutowireCapableBeanFactory.java:1185)
	at org.springframework.beans.factory.support.AbstractAutowireCapableBeanFactory.doCreateBean(AbstractAutowireCapableBeanFactory.java:537)
	at org.springframework.beans.factory.support.AbstractAutowireCapableBeanFactory.createBean(AbstractAutowireCapableBeanFactory.java:475)
	at org.springframework.beans.factory.support.AbstractBeanFactory$1.getObject(AbstractBeanFactory.java:304)
	at org.springframework.beans.factory.support.DefaultSingletonBeanRegistry.getSingleton(DefaultSingletonBeanRegistry.java:228)
	at org.springframework.beans.factory.support.AbstractBeanFactory.doGetBean(AbstractBeanFactory.java:300)
	at org.springframework.beans.factory.support.AbstractBeanFactory.getBean(AbstractBeanFactory.java:200)
	at org.springframework.context.annotation.CommonAnnotationBeanPostProcessor.autowireResource(CommonAnnotationBeanPostProcessor.java:445)
	at org.springframework.context.annotation.CommonAnnotationBeanPostProcessor.getResource(CommonAnnotationBeanPostProcessor.java:419)
	at org.springframework.context.annotation.CommonAnnotationBeanPostProcessor$ResourceElement.getResourceToInject(CommonAnnotationBeanPostProcessor.java:544)
	at org.springframework.beans.factory.annotation.InjectionMetadata$InjectedElement.inject(InjectionMetadata.java:155)
	at org.springframework.beans.factory.annotation.InjectionMetadata.inject(InjectionMetadata.java:87)
	at org.springframework.context.annotation.CommonAnnotationBeanPostProcessor.postProcessPropertyValues(CommonAnnotationBeanPostProcessor.java:304)
	... 41 more
Caused by: org.springframework.beans.factory.BeanCreationException: Could not autowire field: private com.yu.dao.idao.CompanyMapper com.yu.services.impl.TestServiceImpl.cm; nested exception is org.springframework.beans.factory.NoSuchBeanDefinitionException: No qualifying bean of type [com.yu.dao.idao.CompanyMapper] found for dependency: expected at least 1 bean which qualifies as autowire candidate for this dependency. Dependency annotations: {@org.springframework.beans.factory.annotation.Autowired(required=true)}
	at org.springframework.beans.factory.annotation.AutowiredAnnotationBeanPostProcessor$AutowiredFieldElement.inject(AutowiredAnnotationBeanPostProcessor.java:508)
	at org.springframework.beans.factory.annotation.InjectionMetadata.inject(InjectionMetadata.java:87)
	at org.springframework.beans.factory.annotation.AutowiredAnnotationBeanPostProcessor.postProcessPropertyValues(AutowiredAnnotationBeanPostProcessor.java:289)
	... 54 more
Caused by: org.springframework.beans.factory.NoSuchBeanDefinitionException: No qualifying bean of type [com.yu.dao.idao.CompanyMapper] found for dependency: expected at least 1 bean which qualifies as autowire candidate for this dependency. Dependency annotations: {@org.springframework.beans.factory.annotation.Autowired(required=true)}
	at org.springframework.beans.factory.support.DefaultListableBeanFactory.raiseNoSuchBeanDefinitionException(DefaultListableBeanFactory.java:1100)
	at org.springframework.beans.factory.support.DefaultListableBeanFactory.doResolveDependency(DefaultListableBeanFactory.java:960)
	at org.springframework.beans.factory.support.DefaultListableBeanFactory.resolveDependency(DefaultListableBeanFactory.java:855)
	at org.springframework.beans.factory.annotation.AutowiredAnnotationBeanPostProcessor$AutowiredFieldElement.inject(AutowiredAnnotationBeanPostProcessor.java:480)
	... 56 more
[INFO] [2017-04-10 16:13:16][org.springframework.beans.factory.xml.XmlBeanDefinitionReader]Loading XML bean definitions from class path resource [spring-mybatis.xml]
  [INFO] [2017-04-10 16:13:17][org.springframework.context.support.GenericApplicationContext]Refreshing org.springframework.context.support.GenericApplicationContext@3159fa96: startup date [Mon Apr 10 16:13:17 CST 2017]; root of context hierarchy
  [INFO] [2017-04-10 16:13:17][org.springframework.beans.factory.config.PropertyPlaceholderConfigurer]Loading properties file from class path resource [jdbc.properties]
  [INFO] [2017-04-10 16:13:17][org.springframework.beans.factory.annotation.AutowiredAnnotationBeanPostProcessor]JSR-330 'javax.inject.Inject' annotation found and supported for autowiring
  [INFO] [2017-04-10 16:13:17][org.springframework.context.support.GenericApplicationContext]Closing org.springframework.context.support.GenericApplicationContext@3159fa96: startup date [Mon Apr 10 16:13:17 CST 2017]; root of context hierarchy
  [INFO] [2017-04-10 16:17:52][org.springframework.beans.factory.xml.XmlBeanDefinitionReader]Loading XML bean definitions from class path resource [spring-mybatis.xml]
  [INFO] [2017-04-10 16:17:52][org.springframework.context.support.GenericApplicationContext]Refreshing org.springframework.context.support.GenericApplicationContext@59ea632e: startup date [Mon Apr 10 16:17:52 CST 2017]; root of context hierarchy
  [INFO] [2017-04-10 16:17:53][org.springframework.beans.factory.config.PropertyPlaceholderConfigurer]Loading properties file from class path resource [jdbc.properties]
  [INFO] [2017-04-10 16:17:53][org.springframework.beans.factory.annotation.AutowiredAnnotationBeanPostProcessor]JSR-330 'javax.inject.Inject' annotation found and supported for autowiring
  [ERROR] [2017-04-10 16:17:53][org.springframework.test.context.TestContextManager]Caught exception while allowing TestExecutionListener [org.springframework.test.context.support.DependencyInjectionTestExecutionListener@13997783] to prepare test instance [test.TestM@40754382]
  java.lang.IllegalStateException: Failed to load ApplicationContext
	at org.springframework.test.context.CacheAwareContextLoaderDelegate.loadContext(CacheAwareContextLoaderDelegate.java:99)
	at org.springframework.test.context.DefaultTestContext.getApplicationContext(DefaultTestContext.java:101)
	at org.springframework.test.context.support.DependencyInjectionTestExecutionListener.injectDependencies(DependencyInjectionTestExecutionListener.java:109)
	at org.springframework.test.context.support.DependencyInjectionTestExecutionListener.prepareTestInstance(DependencyInjectionTestExecutionListener.java:75)
	at org.springframework.test.context.TestContextManager.prepareTestInstance(TestContextManager.java:319)
	at org.springframework.test.context.junit4.SpringJUnit4ClassRunner.createTest(SpringJUnit4ClassRunner.java:212)
	at org.springframework.test.context.junit4.SpringJUnit4ClassRunner$1.runReflectiveCall(SpringJUnit4ClassRunner.java:289)
	at org.junit.internal.runners.model.ReflectiveCallable.run(ReflectiveCallable.java:12)
	at org.springframework.test.context.junit4.SpringJUnit4ClassRunner.methodBlock(SpringJUnit4ClassRunner.java:291)
	at org.springframework.test.context.junit4.SpringJUnit4ClassRunner.runChild(SpringJUnit4ClassRunner.java:232)
	at org.springframework.test.context.junit4.SpringJUnit4ClassRunner.runChild(SpringJUnit4ClassRunner.java:89)
	at org.junit.runners.ParentRunner$3.run(ParentRunner.java:238)
	at org.junit.runners.ParentRunner$1.schedule(ParentRunner.java:63)
	at org.junit.runners.ParentRunner.runChildren(ParentRunner.java:236)
	at org.junit.runners.ParentRunner.access$000(ParentRunner.java:53)
	at org.junit.runners.ParentRunner$2.evaluate(ParentRunner.java:229)
	at org.springframework.test.context.junit4.statements.RunBeforeTestClassCallbacks.evaluate(RunBeforeTestClassCallbacks.java:61)
	at org.springframework.test.context.junit4.statements.RunAfterTestClassCallbacks.evaluate(RunAfterTestClassCallbacks.java:71)
	at org.junit.runners.ParentRunner.run(ParentRunner.java:309)
	at org.springframework.test.context.junit4.SpringJUnit4ClassRunner.run(SpringJUnit4ClassRunner.java:175)
	at org.apache.maven.surefire.junit4.JUnit4Provider.execute(JUnit4Provider.java:252)
	at org.apache.maven.surefire.junit4.JUnit4Provider.executeTestSet(JUnit4Provider.java:141)
	at org.apache.maven.surefire.junit4.JUnit4Provider.invoke(JUnit4Provider.java:112)
	at sun.reflect.NativeMethodAccessorImpl.invoke0(Native Method)
	at sun.reflect.NativeMethodAccessorImpl.invoke(NativeMethodAccessorImpl.java:57)
	at sun.reflect.DelegatingMethodAccessorImpl.invoke(DelegatingMethodAccessorImpl.java:43)
	at java.lang.reflect.Method.invoke(Method.java:606)
	at org.apache.maven.surefire.util.ReflectionUtils.invokeMethodWithArray(ReflectionUtils.java:189)
	at org.apache.maven.surefire.booter.ProviderFactory$ProviderProxy.invoke(ProviderFactory.java:165)
	at org.apache.maven.surefire.booter.ProviderFactory.invokeProvider(ProviderFactory.java:85)
	at org.apache.maven.surefire.booter.ForkedBooter.runSuitesInProcess(ForkedBooter.java:115)
	at org.apache.maven.surefire.booter.ForkedBooter.main(ForkedBooter.java:75)
Caused by: org.springframework.beans.factory.BeanCreationException: Error creating bean with name 'testController': Injection of resource dependencies failed; nested exception is org.springframework.beans.factory.BeanCreationException: Error creating bean with name 'testService': Injection of autowired dependencies failed; nested exception is org.springframework.beans.factory.BeanCreationException: Could not autowire field: private com.yu.dao.idao.CompanyMapper com.yu.services.impl.TestServiceImpl.cm; nested exception is org.springframework.beans.factory.NoSuchBeanDefinitionException: No qualifying bean of type [com.yu.dao.idao.CompanyMapper] found for dependency: expected at least 1 bean which qualifies as autowire candidate for this dependency. Dependency annotations: {@org.springframework.beans.factory.annotation.Autowired(required=true)}
Related cause: org.springframework.beans.factory.BeanCreationException: Error creating bean with name 'companyMapper' defined in file [E:\workspace\SSM2 Maven Webapp\target\classes\com\yu\dao\idao\CompanyMapper.class]: Cannot resolve reference to bean 'sqlSessionFactory' while setting bean property 'sqlSessionFactory'; nested exception is org.springframework.beans.factory.BeanCreationException: Error creating bean with name 'sqlSessionFactory' defined in class path resource [spring-mybatis.xml]: Initialization of bean failed; nested exception is org.springframework.beans.TypeMismatchException: Failed to convert property value of type 'java.lang.String' to required type 'org.springframework.core.io.Resource[]' for property 'mapperLocations'; nested exception is java.lang.IllegalArgumentException: Could not resolve resource location pattern [classpath:com/yu/dao/mapper/*.xml]: class path resource [com/yu/dao/mapper/] cannot be resolved to URL because it does not exist
	at org.springframework.context.annotation.CommonAnnotationBeanPostProcessor.postProcessPropertyValues(CommonAnnotationBeanPostProcessor.java:307)
	at org.springframework.beans.factory.support.AbstractAutowireCapableBeanFactory.populateBean(AbstractAutowireCapableBeanFactory.java:1185)
	at org.springframework.beans.factory.support.AbstractAutowireCapableBeanFactory.doCreateBean(AbstractAutowireCapableBeanFactory.java:537)
	at org.springframework.beans.factory.support.AbstractAutowireCapableBeanFactory.createBean(AbstractAutowireCapableBeanFactory.java:475)
	at org.springframework.beans.factory.support.AbstractBeanFactory$1.getObject(AbstractBeanFactory.java:304)
	at org.springframework.beans.factory.support.DefaultSingletonBeanRegistry.getSingleton(DefaultSingletonBeanRegistry.java:228)
	at org.springframework.beans.factory.support.AbstractBeanFactory.doGetBean(AbstractBeanFactory.java:300)
	at org.springframework.beans.factory.support.AbstractBeanFactory.getBean(AbstractBeanFactory.java:195)
	at org.springframework.beans.factory.support.DefaultListableBeanFactory.preInstantiateSingletons(DefaultListableBeanFactory.java:700)
	at org.springframework.context.support.AbstractApplicationContext.finishBeanFactoryInitialization(AbstractApplicationContext.java:760)
	at org.springframework.context.support.AbstractApplicationContext.refresh(AbstractApplicationContext.java:482)
	at org.springframework.test.context.support.AbstractGenericContextLoader.loadContext(AbstractGenericContextLoader.java:121)
	at org.springframework.test.context.support.AbstractGenericContextLoader.loadContext(AbstractGenericContextLoader.java:60)
	at org.springframework.test.context.support.AbstractDelegatingSmartContextLoader.delegateLoading(AbstractDelegatingSmartContextLoader.java:100)
	at org.springframework.test.context.support.AbstractDelegatingSmartContextLoader.loadContext(AbstractDelegatingSmartContextLoader.java:250)
	at org.springframework.test.context.CacheAwareContextLoaderDelegate.loadContextInternal(CacheAwareContextLoaderDelegate.java:64)
	at org.springframework.test.context.CacheAwareContextLoaderDelegate.loadContext(CacheAwareContextLoaderDelegate.java:91)
	... 31 more
Caused by: org.springframework.beans.factory.BeanCreationException: Error creating bean with name 'testService': Injection of autowired dependencies failed; nested exception is org.springframework.beans.factory.BeanCreationException: Could not autowire field: private com.yu.dao.idao.CompanyMapper com.yu.services.impl.TestServiceImpl.cm; nested exception is org.springframework.beans.factory.NoSuchBeanDefinitionException: No qualifying bean of type [com.yu.dao.idao.CompanyMapper] found for dependency: expected at least 1 bean which qualifies as autowire candidate for this dependency. Dependency annotations: {@org.springframework.beans.factory.annotation.Autowired(required=true)}
	at org.springframework.beans.factory.annotation.AutowiredAnnotationBeanPostProcessor.postProcessPropertyValues(AutowiredAnnotationBeanPostProcessor.java:292)
	at org.springframework.beans.factory.support.AbstractAutowireCapableBeanFactory.populateBean(AbstractAutowireCapableBeanFactory.java:1185)
	at org.springframework.beans.factory.support.AbstractAutowireCapableBeanFactory.doCreateBean(AbstractAutowireCapableBeanFactory.java:537)
	at org.springframework.beans.factory.support.AbstractAutowireCapableBeanFactory.createBean(AbstractAutowireCapableBeanFactory.java:475)
	at org.springframework.beans.factory.support.AbstractBeanFactory$1.getObject(AbstractBeanFactory.java:304)
	at org.springframework.beans.factory.support.DefaultSingletonBeanRegistry.getSingleton(DefaultSingletonBeanRegistry.java:228)
	at org.springframework.beans.factory.support.AbstractBeanFactory.doGetBean(AbstractBeanFactory.java:300)
	at org.springframework.beans.factory.support.AbstractBeanFactory.getBean(AbstractBeanFactory.java:200)
	at org.springframework.context.annotation.CommonAnnotationBeanPostProcessor.autowireResource(CommonAnnotationBeanPostProcessor.java:445)
	at org.springframework.context.annotation.CommonAnnotationBeanPostProcessor.getResource(CommonAnnotationBeanPostProcessor.java:419)
	at org.springframework.context.annotation.CommonAnnotationBeanPostProcessor$ResourceElement.getResourceToInject(CommonAnnotationBeanPostProcessor.java:544)
	at org.springframework.beans.factory.annotation.InjectionMetadata$InjectedElement.inject(InjectionMetadata.java:155)
	at org.springframework.beans.factory.annotation.InjectionMetadata.inject(InjectionMetadata.java:87)
	at org.springframework.context.annotation.CommonAnnotationBeanPostProcessor.postProcessPropertyValues(CommonAnnotationBeanPostProcessor.java:304)
	... 47 more
Caused by: org.springframework.beans.factory.BeanCreationException: Could not autowire field: private com.yu.dao.idao.CompanyMapper com.yu.services.impl.TestServiceImpl.cm; nested exception is org.springframework.beans.factory.NoSuchBeanDefinitionException: No qualifying bean of type [com.yu.dao.idao.CompanyMapper] found for dependency: expected at least 1 bean which qualifies as autowire candidate for this dependency. Dependency annotations: {@org.springframework.beans.factory.annotation.Autowired(required=true)}
	at org.springframework.beans.factory.annotation.AutowiredAnnotationBeanPostProcessor$AutowiredFieldElement.inject(AutowiredAnnotationBeanPostProcessor.java:508)
	at org.springframework.beans.factory.annotation.InjectionMetadata.inject(InjectionMetadata.java:87)
	at org.springframework.beans.factory.annotation.AutowiredAnnotationBeanPostProcessor.postProcessPropertyValues(AutowiredAnnotationBeanPostProcessor.java:289)
	... 60 more
Caused by: org.springframework.beans.factory.NoSuchBeanDefinitionException: No qualifying bean of type [com.yu.dao.idao.CompanyMapper] found for dependency: expected at least 1 bean which qualifies as autowire candidate for this dependency. Dependency annotations: {@org.springframework.beans.factory.annotation.Autowired(required=true)}
	at org.springframework.beans.factory.support.DefaultListableBeanFactory.raiseNoSuchBeanDefinitionException(DefaultListableBeanFactory.java:1100)
	at org.springframework.beans.factory.support.DefaultListableBeanFactory.doResolveDependency(DefaultListableBeanFactory.java:960)
	at org.springframework.beans.factory.support.DefaultListableBeanFactory.resolveDependency(DefaultListableBeanFactory.java:855)
	at org.springframework.beans.factory.annotation.AutowiredAnnotationBeanPostProcessor$AutowiredFieldElement.inject(AutowiredAnnotationBeanPostProcessor.java:480)
	... 62 more
[INFO] [2017-04-10 16:24:34][org.springframework.beans.factory.xml.XmlBeanDefinitionReader]Loading XML bean definitions from class path resource [spring-mybatis.xml]
  [INFO] [2017-04-10 16:24:35][org.springframework.context.support.GenericApplicationContext]Refreshing org.springframework.context.support.GenericApplicationContext@4d88f286: startup date [Mon Apr 10 16:24:35 CST 2017]; root of context hierarchy
  [INFO] [2017-04-10 16:24:35][org.springframework.beans.factory.config.PropertyPlaceholderConfigurer]Loading properties file from class path resource [jdbc.properties]
  [INFO] [2017-04-10 16:24:35][org.springframework.beans.factory.annotation.AutowiredAnnotationBeanPostProcessor]JSR-330 'javax.inject.Inject' annotation found and supported for autowiring
  [ERROR] [2017-04-10 16:24:35][org.springframework.test.context.TestContextManager]Caught exception while allowing TestExecutionListener [org.springframework.test.context.support.DependencyInjectionTestExecutionListener@376fe6cc] to prepare test instance [test.TestM@13997783]
  java.lang.IllegalStateException: Failed to load ApplicationContext
	at org.springframework.test.context.CacheAwareContextLoaderDelegate.loadContext(CacheAwareContextLoaderDelegate.java:99)
	at org.springframework.test.context.DefaultTestContext.getApplicationContext(DefaultTestContext.java:101)
	at org.springframework.test.context.support.DependencyInjectionTestExecutionListener.injectDependencies(DependencyInjectionTestExecutionListener.java:109)
	at org.springframework.test.context.support.DependencyInjectionTestExecutionListener.prepareTestInstance(DependencyInjectionTestExecutionListener.java:75)
	at org.springframework.test.context.TestContextManager.prepareTestInstance(TestContextManager.java:319)
	at org.springframework.test.context.junit4.SpringJUnit4ClassRunner.createTest(SpringJUnit4ClassRunner.java:212)
	at org.springframework.test.context.junit4.SpringJUnit4ClassRunner$1.runReflectiveCall(SpringJUnit4ClassRunner.java:289)
	at org.junit.internal.runners.model.ReflectiveCallable.run(ReflectiveCallable.java:12)
	at org.springframework.test.context.junit4.SpringJUnit4ClassRunner.methodBlock(SpringJUnit4ClassRunner.java:291)
	at org.springframework.test.context.junit4.SpringJUnit4ClassRunner.runChild(SpringJUnit4ClassRunner.java:232)
	at org.springframework.test.context.junit4.SpringJUnit4ClassRunner.runChild(SpringJUnit4ClassRunner.java:89)
	at org.junit.runners.ParentRunner$3.run(ParentRunner.java:238)
	at org.junit.runners.ParentRunner$1.schedule(ParentRunner.java:63)
	at org.junit.runners.ParentRunner.runChildren(ParentRunner.java:236)
	at org.junit.runners.ParentRunner.access$000(ParentRunner.java:53)
	at org.junit.runners.ParentRunner$2.evaluate(ParentRunner.java:229)
	at org.springframework.test.context.junit4.statements.RunBeforeTestClassCallbacks.evaluate(RunBeforeTestClassCallbacks.java:61)
	at org.springframework.test.context.junit4.statements.RunAfterTestClassCallbacks.evaluate(RunAfterTestClassCallbacks.java:71)
	at org.junit.runners.ParentRunner.run(ParentRunner.java:309)
	at org.springframework.test.context.junit4.SpringJUnit4ClassRunner.run(SpringJUnit4ClassRunner.java:175)
	at org.apache.maven.surefire.junit4.JUnit4Provider.execute(JUnit4Provider.java:252)
	at org.apache.maven.surefire.junit4.JUnit4Provider.executeTestSet(JUnit4Provider.java:141)
	at org.apache.maven.surefire.junit4.JUnit4Provider.invoke(JUnit4Provider.java:112)
	at sun.reflect.NativeMethodAccessorImpl.invoke0(Native Method)
	at sun.reflect.NativeMethodAccessorImpl.invoke(NativeMethodAccessorImpl.java:57)
	at sun.reflect.DelegatingMethodAccessorImpl.invoke(DelegatingMethodAccessorImpl.java:43)
	at java.lang.reflect.Method.invoke(Method.java:606)
	at org.apache.maven.surefire.util.ReflectionUtils.invokeMethodWithArray(ReflectionUtils.java:189)
	at org.apache.maven.surefire.booter.ProviderFactory$ProviderProxy.invoke(ProviderFactory.java:165)
	at org.apache.maven.surefire.booter.ProviderFactory.invokeProvider(ProviderFactory.java:85)
	at org.apache.maven.surefire.booter.ForkedBooter.runSuitesInProcess(ForkedBooter.java:115)
	at org.apache.maven.surefire.booter.ForkedBooter.main(ForkedBooter.java:75)
Caused by: org.springframework.beans.factory.BeanCreationException: Error creating bean with name 'testController': Injection of resource dependencies failed; nested exception is org.springframework.beans.factory.BeanCreationException: Error creating bean with name 'testService': Injection of autowired dependencies failed; nested exception is org.springframework.beans.factory.BeanCreationException: Could not autowire field: private com.yu.dao.idao.CompanyMapper com.yu.services.impl.TestServiceImpl.cm; nested exception is org.springframework.beans.factory.NoSuchBeanDefinitionException: No qualifying bean of type [com.yu.dao.idao.CompanyMapper] found for dependency: expected at least 1 bean which qualifies as autowire candidate for this dependency. Dependency annotations: {@org.springframework.beans.factory.annotation.Autowired(required=true)}
Related cause: org.springframework.beans.factory.BeanCreationException: Error creating bean with name 'companyMapper' defined in file [E:\workspace\SSM2 Maven Webapp\target\classes\com\yu\dao\idao\CompanyMapper.class]: Cannot resolve reference to bean 'sqlSessionFactory' while setting bean property 'sqlSessionFactory'; nested exception is org.springframework.beans.factory.BeanCreationException: Error creating bean with name 'sqlSessionFactory' defined in class path resource [spring-mybatis.xml]: Initialization of bean failed; nested exception is org.springframework.beans.TypeMismatchException: Failed to convert property value of type 'java.lang.String' to required type 'org.springframework.core.io.Resource[]' for property 'mapperLocations'; nested exception is java.lang.IllegalArgumentException: Could not resolve resource location pattern [classpath:com/yu/dao/mapper/*.xml]: class path resource [com/yu/dao/mapper/] cannot be resolved to URL because it does not exist
	at org.springframework.context.annotation.CommonAnnotationBeanPostProcessor.postProcessPropertyValues(CommonAnnotationBeanPostProcessor.java:307)
	at org.springframework.beans.factory.support.AbstractAutowireCapableBeanFactory.populateBean(AbstractAutowireCapableBeanFactory.java:1185)
	at org.springframework.beans.factory.support.AbstractAutowireCapableBeanFactory.doCreateBean(AbstractAutowireCapableBeanFactory.java:537)
	at org.springframework.beans.factory.support.AbstractAutowireCapableBeanFactory.createBean(AbstractAutowireCapableBeanFactory.java:475)
	at org.springframework.beans.factory.support.AbstractBeanFactory$1.getObject(AbstractBeanFactory.java:304)
	at org.springframework.beans.factory.support.DefaultSingletonBeanRegistry.getSingleton(DefaultSingletonBeanRegistry.java:228)
	at org.springframework.beans.factory.support.AbstractBeanFactory.doGetBean(AbstractBeanFactory.java:300)
	at org.springframework.beans.factory.support.AbstractBeanFactory.getBean(AbstractBeanFactory.java:195)
	at org.springframework.beans.factory.support.DefaultListableBeanFactory.preInstantiateSingletons(DefaultListableBeanFactory.java:700)
	at org.springframework.context.support.AbstractApplicationContext.finishBeanFactoryInitialization(AbstractApplicationContext.java:760)
	at org.springframework.context.support.AbstractApplicationContext.refresh(AbstractApplicationContext.java:482)
	at org.springframework.test.context.support.AbstractGenericContextLoader.loadContext(AbstractGenericContextLoader.java:121)
	at org.springframework.test.context.support.AbstractGenericContextLoader.loadContext(AbstractGenericContextLoader.java:60)
	at org.springframework.test.context.support.AbstractDelegatingSmartContextLoader.delegateLoading(AbstractDelegatingSmartContextLoader.java:100)
	at org.springframework.test.context.support.AbstractDelegatingSmartContextLoader.loadContext(AbstractDelegatingSmartContextLoader.java:250)
	at org.springframework.test.context.CacheAwareContextLoaderDelegate.loadContextInternal(CacheAwareContextLoaderDelegate.java:64)
	at org.springframework.test.context.CacheAwareContextLoaderDelegate.loadContext(CacheAwareContextLoaderDelegate.java:91)
	... 31 more
Caused by: org.springframework.beans.factory.BeanCreationException: Error creating bean with name 'testService': Injection of autowired dependencies failed; nested exception is org.springframework.beans.factory.BeanCreationException: Could not autowire field: private com.yu.dao.idao.CompanyMapper com.yu.services.impl.TestServiceImpl.cm; nested exception is org.springframework.beans.factory.NoSuchBeanDefinitionException: No qualifying bean of type [com.yu.dao.idao.CompanyMapper] found for dependency: expected at least 1 bean which qualifies as autowire candidate for this dependency. Dependency annotations: {@org.springframework.beans.factory.annotation.Autowired(required=true)}
	at org.springframework.beans.factory.annotation.AutowiredAnnotationBeanPostProcessor.postProcessPropertyValues(AutowiredAnnotationBeanPostProcessor.java:292)
	at org.springframework.beans.factory.support.AbstractAutowireCapableBeanFactory.populateBean(AbstractAutowireCapableBeanFactory.java:1185)
	at org.springframework.beans.factory.support.AbstractAutowireCapableBeanFactory.doCreateBean(AbstractAutowireCapableBeanFactory.java:537)
	at org.springframework.beans.factory.support.AbstractAutowireCapableBeanFactory.createBean(AbstractAutowireCapableBeanFactory.java:475)
	at org.springframework.beans.factory.support.AbstractBeanFactory$1.getObject(AbstractBeanFactory.java:304)
	at org.springframework.beans.factory.support.DefaultSingletonBeanRegistry.getSingleton(DefaultSingletonBeanRegistry.java:228)
	at org.springframework.beans.factory.support.AbstractBeanFactory.doGetBean(AbstractBeanFactory.java:300)
	at org.springframework.beans.factory.support.AbstractBeanFactory.getBean(AbstractBeanFactory.java:200)
	at org.springframework.context.annotation.CommonAnnotationBeanPostProcessor.autowireResource(CommonAnnotationBeanPostProcessor.java:445)
	at org.springframework.context.annotation.CommonAnnotationBeanPostProcessor.getResource(CommonAnnotationBeanPostProcessor.java:419)
	at org.springframework.context.annotation.CommonAnnotationBeanPostProcessor$ResourceElement.getResourceToInject(CommonAnnotationBeanPostProcessor.java:544)
	at org.springframework.beans.factory.annotation.InjectionMetadata$InjectedElement.inject(InjectionMetadata.java:155)
	at org.springframework.beans.factory.annotation.InjectionMetadata.inject(InjectionMetadata.java:87)
	at org.springframework.context.annotation.CommonAnnotationBeanPostProcessor.postProcessPropertyValues(CommonAnnotationBeanPostProcessor.java:304)
	... 47 more
Caused by: org.springframework.beans.factory.BeanCreationException: Could not autowire field: private com.yu.dao.idao.CompanyMapper com.yu.services.impl.TestServiceImpl.cm; nested exception is org.springframework.beans.factory.NoSuchBeanDefinitionException: No qualifying bean of type [com.yu.dao.idao.CompanyMapper] found for dependency: expected at least 1 bean which qualifies as autowire candidate for this dependency. Dependency annotations: {@org.springframework.beans.factory.annotation.Autowired(required=true)}
	at org.springframework.beans.factory.annotation.AutowiredAnnotationBeanPostProcessor$AutowiredFieldElement.inject(AutowiredAnnotationBeanPostProcessor.java:508)
	at org.springframework.beans.factory.annotation.InjectionMetadata.inject(InjectionMetadata.java:87)
	at org.springframework.beans.factory.annotation.AutowiredAnnotationBeanPostProcessor.postProcessPropertyValues(AutowiredAnnotationBeanPostProcessor.java:289)
	... 60 more
Caused by: org.springframework.beans.factory.NoSuchBeanDefinitionException: No qualifying bean of type [com.yu.dao.idao.CompanyMapper] found for dependency: expected at least 1 bean which qualifies as autowire candidate for this dependency. Dependency annotations: {@org.springframework.beans.factory.annotation.Autowired(required=true)}
	at org.springframework.beans.factory.support.DefaultListableBeanFactory.raiseNoSuchBeanDefinitionException(DefaultListableBeanFactory.java:1100)
	at org.springframework.beans.factory.support.DefaultListableBeanFactory.doResolveDependency(DefaultListableBeanFactory.java:960)
	at org.springframework.beans.factory.support.DefaultListableBeanFactory.resolveDependency(DefaultListableBeanFactory.java:855)
	at org.springframework.beans.factory.annotation.AutowiredAnnotationBeanPostProcessor$AutowiredFieldElement.inject(AutowiredAnnotationBeanPostProcessor.java:480)
	... 62 more
[INFO] [2017-04-10 16:26:24][org.springframework.beans.factory.xml.XmlBeanDefinitionReader]Loading XML bean definitions from class path resource [spring-mybatis.xml]
  [INFO] [2017-04-10 16:26:25][org.springframework.context.support.GenericApplicationContext]Refreshing org.springframework.context.support.GenericApplicationContext@5298db1f: startup date [Mon Apr 10 16:26:25 CST 2017]; root of context hierarchy
  [INFO] [2017-04-10 16:26:25][org.springframework.beans.factory.config.PropertyPlaceholderConfigurer]Loading properties file from class path resource [jdbc.properties]
  [INFO] [2017-04-10 16:26:25][org.springframework.beans.factory.annotation.AutowiredAnnotationBeanPostProcessor]JSR-330 'javax.inject.Inject' annotation found and supported for autowiring
  [ERROR] [2017-04-10 16:26:25][org.springframework.test.context.TestContextManager]Caught exception while allowing TestExecutionListener [org.springframework.test.context.support.DependencyInjectionTestExecutionListener@5dbebd3f] to prepare test instance [test.TestM@157aa32e]
  java.lang.IllegalStateException: Failed to load ApplicationContext
	at org.springframework.test.context.CacheAwareContextLoaderDelegate.loadContext(CacheAwareContextLoaderDelegate.java:99)
	at org.springframework.test.context.DefaultTestContext.getApplicationContext(DefaultTestContext.java:101)
	at org.springframework.test.context.support.DependencyInjectionTestExecutionListener.injectDependencies(DependencyInjectionTestExecutionListener.java:109)
	at org.springframework.test.context.support.DependencyInjectionTestExecutionListener.prepareTestInstance(DependencyInjectionTestExecutionListener.java:75)
	at org.springframework.test.context.TestContextManager.prepareTestInstance(TestContextManager.java:319)
	at org.springframework.test.context.junit4.SpringJUnit4ClassRunner.createTest(SpringJUnit4ClassRunner.java:212)
	at org.springframework.test.context.junit4.SpringJUnit4ClassRunner$1.runReflectiveCall(SpringJUnit4ClassRunner.java:289)
	at org.junit.internal.runners.model.ReflectiveCallable.run(ReflectiveCallable.java:12)
	at org.springframework.test.context.junit4.SpringJUnit4ClassRunner.methodBlock(SpringJUnit4ClassRunner.java:291)
	at org.springframework.test.context.junit4.SpringJUnit4ClassRunner.runChild(SpringJUnit4ClassRunner.java:232)
	at org.springframework.test.context.junit4.SpringJUnit4ClassRunner.runChild(SpringJUnit4ClassRunner.java:89)
	at org.junit.runners.ParentRunner$3.run(ParentRunner.java:238)
	at org.junit.runners.ParentRunner$1.schedule(ParentRunner.java:63)
	at org.junit.runners.ParentRunner.runChildren(ParentRunner.java:236)
	at org.junit.runners.ParentRunner.access$000(ParentRunner.java:53)
	at org.junit.runners.ParentRunner$2.evaluate(ParentRunner.java:229)
	at org.springframework.test.context.junit4.statements.RunBeforeTestClassCallbacks.evaluate(RunBeforeTestClassCallbacks.java:61)
	at org.springframework.test.context.junit4.statements.RunAfterTestClassCallbacks.evaluate(RunAfterTestClassCallbacks.java:71)
	at org.junit.runners.ParentRunner.run(ParentRunner.java:309)
	at org.springframework.test.context.junit4.SpringJUnit4ClassRunner.run(SpringJUnit4ClassRunner.java:175)
	at org.eclipse.jdt.internal.junit4.runner.JUnit4TestReference.run(JUnit4TestReference.java:50)
	at org.eclipse.jdt.internal.junit.runner.TestExecution.run(TestExecution.java:38)
	at org.eclipse.jdt.internal.junit.runner.RemoteTestRunner.runTests(RemoteTestRunner.java:467)
	at org.eclipse.jdt.internal.junit.runner.RemoteTestRunner.runTests(RemoteTestRunner.java:683)
	at org.eclipse.jdt.internal.junit.runner.RemoteTestRunner.run(RemoteTestRunner.java:390)
	at org.eclipse.jdt.internal.junit.runner.RemoteTestRunner.main(RemoteTestRunner.java:197)
Caused by: org.springframework.beans.factory.BeanCreationException: Error creating bean with name 'testController': Injection of resource dependencies failed; nested exception is org.springframework.beans.factory.BeanCreationException: Error creating bean with name 'testService': Injection of resource dependencies failed; nested exception is org.springframework.beans.factory.NoSuchBeanDefinitionException: No qualifying bean of type [com.yu.dao.idao.CompanyMapper] found for dependency: expected at least 1 bean which qualifies as autowire candidate for this dependency. Dependency annotations: {@javax.annotation.Resource(shareable=true, mappedName=, description=, name=, type=class java.lang.Object, lookup=, authenticationType=CONTAINER)}
Related cause: org.springframework.beans.factory.BeanCreationException: Error creating bean with name 'companyMapper' defined in file [E:\workspace\SSM2 Maven Webapp\target\classes\com\yu\dao\idao\CompanyMapper.class]: Cannot resolve reference to bean 'sqlSessionFactory' while setting bean property 'sqlSessionFactory'; nested exception is org.springframework.beans.factory.BeanCreationException: Error creating bean with name 'sqlSessionFactory' defined in class path resource [spring-mybatis.xml]: Initialization of bean failed; nested exception is org.springframework.beans.TypeMismatchException: Failed to convert property value of type 'java.lang.String' to required type 'org.springframework.core.io.Resource[]' for property 'mapperLocations'; nested exception is java.lang.IllegalArgumentException: Could not resolve resource location pattern [classpath:com/yu/dao/mapper/*.xml]: class path resource [com/yu/dao/mapper/] cannot be resolved to URL because it does not exist
	at org.springframework.context.annotation.CommonAnnotationBeanPostProcessor.postProcessPropertyValues(CommonAnnotationBeanPostProcessor.java:307)
	at org.springframework.beans.factory.support.AbstractAutowireCapableBeanFactory.populateBean(AbstractAutowireCapableBeanFactory.java:1185)
	at org.springframework.beans.factory.support.AbstractAutowireCapableBeanFactory.doCreateBean(AbstractAutowireCapableBeanFactory.java:537)
	at org.springframework.beans.factory.support.AbstractAutowireCapableBeanFactory.createBean(AbstractAutowireCapableBeanFactory.java:475)
	at org.springframework.beans.factory.support.AbstractBeanFactory$1.getObject(AbstractBeanFactory.java:304)
	at org.springframework.beans.factory.support.DefaultSingletonBeanRegistry.getSingleton(DefaultSingletonBeanRegistry.java:228)
	at org.springframework.beans.factory.support.AbstractBeanFactory.doGetBean(AbstractBeanFactory.java:300)
	at org.springframework.beans.factory.support.AbstractBeanFactory.getBean(AbstractBeanFactory.java:195)
	at org.springframework.beans.factory.support.DefaultListableBeanFactory.preInstantiateSingletons(DefaultListableBeanFactory.java:700)
	at org.springframework.context.support.AbstractApplicationContext.finishBeanFactoryInitialization(AbstractApplicationContext.java:760)
	at org.springframework.context.support.AbstractApplicationContext.refresh(AbstractApplicationContext.java:482)
	at org.springframework.test.context.support.AbstractGenericContextLoader.loadContext(AbstractGenericContextLoader.java:121)
	at org.springframework.test.context.support.AbstractGenericContextLoader.loadContext(AbstractGenericContextLoader.java:60)
	at org.springframework.test.context.support.AbstractDelegatingSmartContextLoader.delegateLoading(AbstractDelegatingSmartContextLoader.java:100)
	at org.springframework.test.context.support.AbstractDelegatingSmartContextLoader.loadContext(AbstractDelegatingSmartContextLoader.java:250)
	at org.springframework.test.context.CacheAwareContextLoaderDelegate.loadContextInternal(CacheAwareContextLoaderDelegate.java:64)
	at org.springframework.test.context.CacheAwareContextLoaderDelegate.loadContext(CacheAwareContextLoaderDelegate.java:91)
	... 25 more
Caused by: org.springframework.beans.factory.BeanCreationException: Error creating bean with name 'testService': Injection of resource dependencies failed; nested exception is org.springframework.beans.factory.NoSuchBeanDefinitionException: No qualifying bean of type [com.yu.dao.idao.CompanyMapper] found for dependency: expected at least 1 bean which qualifies as autowire candidate for this dependency. Dependency annotations: {@javax.annotation.Resource(shareable=true, mappedName=, description=, name=, type=class java.lang.Object, lookup=, authenticationType=CONTAINER)}
	at org.springframework.context.annotation.CommonAnnotationBeanPostProcessor.postProcessPropertyValues(CommonAnnotationBeanPostProcessor.java:307)
	at org.springframework.beans.factory.support.AbstractAutowireCapableBeanFactory.populateBean(AbstractAutowireCapableBeanFactory.java:1185)
	at org.springframework.beans.factory.support.AbstractAutowireCapableBeanFactory.doCreateBean(AbstractAutowireCapableBeanFactory.java:537)
	at org.springframework.beans.factory.support.AbstractAutowireCapableBeanFactory.createBean(AbstractAutowireCapableBeanFactory.java:475)
	at org.springframework.beans.factory.support.AbstractBeanFactory$1.getObject(AbstractBeanFactory.java:304)
	at org.springframework.beans.factory.support.DefaultSingletonBeanRegistry.getSingleton(DefaultSingletonBeanRegistry.java:228)
	at org.springframework.beans.factory.support.AbstractBeanFactory.doGetBean(AbstractBeanFactory.java:300)
	at org.springframework.beans.factory.support.AbstractBeanFactory.getBean(AbstractBeanFactory.java:200)
	at org.springframework.context.annotation.CommonAnnotationBeanPostProcessor.autowireResource(CommonAnnotationBeanPostProcessor.java:445)
	at org.springframework.context.annotation.CommonAnnotationBeanPostProcessor.getResource(CommonAnnotationBeanPostProcessor.java:419)
	at org.springframework.context.annotation.CommonAnnotationBeanPostProcessor$ResourceElement.getResourceToInject(CommonAnnotationBeanPostProcessor.java:544)
	at org.springframework.beans.factory.annotation.InjectionMetadata$InjectedElement.inject(InjectionMetadata.java:155)
	at org.springframework.beans.factory.annotation.InjectionMetadata.inject(InjectionMetadata.java:87)
	at org.springframework.context.annotation.CommonAnnotationBeanPostProcessor.postProcessPropertyValues(CommonAnnotationBeanPostProcessor.java:304)
	... 41 more
Caused by: org.springframework.beans.factory.NoSuchBeanDefinitionException: No qualifying bean of type [com.yu.dao.idao.CompanyMapper] found for dependency: expected at least 1 bean which qualifies as autowire candidate for this dependency. Dependency annotations: {@javax.annotation.Resource(shareable=true, mappedName=, description=, name=, type=class java.lang.Object, lookup=, authenticationType=CONTAINER)}
	at org.springframework.beans.factory.support.DefaultListableBeanFactory.raiseNoSuchBeanDefinitionException(DefaultListableBeanFactory.java:1100)
	at org.springframework.beans.factory.support.DefaultListableBeanFactory.doResolveDependency(DefaultListableBeanFactory.java:960)
	at org.springframework.beans.factory.support.DefaultListableBeanFactory.resolveDependency(DefaultListableBeanFactory.java:855)
	at org.springframework.context.annotation.CommonAnnotationBeanPostProcessor.autowireResource(CommonAnnotationBeanPostProcessor.java:441)
	at org.springframework.context.annotation.CommonAnnotationBeanPostProcessor.getResource(CommonAnnotationBeanPostProcessor.java:419)
	at org.springframework.context.annotation.CommonAnnotationBeanPostProcessor$ResourceElement.getResourceToInject(CommonAnnotationBeanPostProcessor.java:544)
	at org.springframework.beans.factory.annotation.InjectionMetadata$InjectedElement.inject(InjectionMetadata.java:155)
	at org.springframework.beans.factory.annotation.InjectionMetadata.inject(InjectionMetadata.java:87)
	at org.springframework.context.annotation.CommonAnnotationBeanPostProcessor.postProcessPropertyValues(CommonAnnotationBeanPostProcessor.java:304)
	... 54 more
[INFO] [2017-04-10 16:30:39][org.springframework.beans.factory.xml.XmlBeanDefinitionReader]Loading XML bean definitions from class path resource [spring-mybatis.xml]
  [INFO] [2017-04-10 16:30:40][org.springframework.context.support.GenericApplicationContext]Refreshing org.springframework.context.support.GenericApplicationContext@5298db1f: startup date [Mon Apr 10 16:30:40 CST 2017]; root of context hierarchy
  [INFO] [2017-04-10 16:30:40][org.springframework.beans.factory.config.PropertyPlaceholderConfigurer]Loading properties file from class path resource [jdbc.properties]
  [INFO] [2017-04-10 16:30:40][org.springframework.beans.factory.annotation.AutowiredAnnotationBeanPostProcessor]JSR-330 'javax.inject.Inject' annotation found and supported for autowiring
  [INFO] [2017-04-10 16:30:40][org.springframework.context.support.GenericApplicationContext]Closing org.springframework.context.support.GenericApplicationContext@5298db1f: startup date [Mon Apr 10 16:30:40 CST 2017]; root of context hierarchy
  [INFO] [2017-04-10 16:35:37][org.springframework.beans.factory.xml.XmlBeanDefinitionReader]Loading XML bean definitions from class path resource [spring-mybatis.xml]
  [INFO] [2017-04-10 16:35:37][org.springframework.context.support.GenericApplicationContext]Refreshing org.springframework.context.support.GenericApplicationContext@59ea632e: startup date [Mon Apr 10 16:35:37 CST 2017]; root of context hierarchy
  [INFO] [2017-04-10 16:35:37][org.springframework.beans.factory.config.PropertyPlaceholderConfigurer]Loading properties file from class path resource [jdbc.properties]
  [INFO] [2017-04-10 16:35:37][org.springframework.beans.factory.annotation.AutowiredAnnotationBeanPostProcessor]JSR-330 'javax.inject.Inject' annotation found and supported for autowiring
  [INFO] [2017-04-10 16:35:37][org.springframework.context.support.GenericApplicationContext]Closing org.springframework.context.support.GenericApplicationContext@59ea632e: startup date [Mon Apr 10 16:35:37 CST 2017]; root of context hierarchy
  [INFO] [2017-04-10 16:39:23][org.springframework.beans.factory.xml.XmlBeanDefinitionReader]Loading XML bean definitions from class path resource [spring-mybatis.xml]
  [INFO] [2017-04-10 16:39:23][org.springframework.context.support.GenericApplicationContext]Refreshing org.springframework.context.support.GenericApplicationContext@59ea632e: startup date [Mon Apr 10 16:39:23 CST 2017]; root of context hierarchy
  [INFO] [2017-04-10 16:39:23][org.springframework.beans.factory.config.PropertyPlaceholderConfigurer]Loading properties file from class path resource [jdbc.properties]
  [INFO] [2017-04-10 16:39:23][org.springframework.beans.factory.annotation.AutowiredAnnotationBeanPostProcessor]JSR-330 'javax.inject.Inject' annotation found and supported for autowiring
  [INFO] [2017-04-10 16:39:24][org.springframework.context.support.GenericApplicationContext]Closing org.springframework.context.support.GenericApplicationContext@59ea632e: startup date [Mon Apr 10 16:39:23 CST 2017]; root of context hierarchy
  [INFO] [2017-04-10 16:40:33][org.springframework.beans.factory.xml.XmlBeanDefinitionReader]Loading XML bean definitions from class path resource [spring-mybatis.xml]
  [INFO] [2017-04-10 16:40:33][org.springframework.context.support.GenericApplicationContext]Refreshing org.springframework.context.support.GenericApplicationContext@5298db1f: startup date [Mon Apr 10 16:40:33 CST 2017]; root of context hierarchy
  [INFO] [2017-04-10 16:40:33][org.springframework.beans.factory.config.PropertyPlaceholderConfigurer]Loading properties file from class path resource [jdbc.properties]
  [INFO] [2017-04-10 16:40:33][org.springframework.beans.factory.annotation.AutowiredAnnotationBeanPostProcessor]JSR-330 'javax.inject.Inject' annotation found and supported for autowiring
  [INFO] [2017-04-10 16:40:33][org.springframework.context.support.GenericApplicationContext]Closing org.springframework.context.support.GenericApplicationContext@5298db1f: startup date [Mon Apr 10 16:40:33 CST 2017]; root of context hierarchy
  [INFO] [2017-04-10 16:43:24][org.springframework.beans.factory.xml.XmlBeanDefinitionReader]Loading XML bean definitions from class path resource [spring-mybatis.xml]
  [INFO] [2017-04-10 16:43:24][org.springframework.context.support.GenericApplicationContext]Refreshing org.springframework.context.support.GenericApplicationContext@5298db1f: startup date [Mon Apr 10 16:43:24 CST 2017]; root of context hierarchy
  [INFO] [2017-04-10 16:43:24][org.springframework.beans.factory.config.PropertyPlaceholderConfigurer]Loading properties file from class path resource [jdbc.properties]
  [INFO] [2017-04-10 16:43:24][org.springframework.beans.factory.annotation.AutowiredAnnotationBeanPostProcessor]JSR-330 'javax.inject.Inject' annotation found and supported for autowiring
  [INFO] [2017-04-10 16:43:25][org.springframework.context.support.GenericApplicationContext]Closing org.springframework.context.support.GenericApplicationContext@5298db1f: startup date [Mon Apr 10 16:43:24 CST 2017]; root of context hierarchy
  [INFO] [2017-04-10 16:45:48][org.springframework.beans.factory.xml.XmlBeanDefinitionReader]Loading XML bean definitions from class path resource [spring-mybatis.xml]
  [INFO] [2017-04-10 16:45:48][org.springframework.context.support.GenericApplicationContext]Refreshing org.springframework.context.support.GenericApplicationContext@59ea632e: startup date [Mon Apr 10 16:45:48 CST 2017]; root of context hierarchy
  [INFO] [2017-04-10 16:45:48][org.springframework.beans.factory.config.PropertyPlaceholderConfigurer]Loading properties file from class path resource [jdbc.properties]
  [INFO] [2017-04-10 16:45:48][org.springframework.beans.factory.annotation.AutowiredAnnotationBeanPostProcessor]JSR-330 'javax.inject.Inject' annotation found and supported for autowiring
  [INFO] [2017-04-10 16:45:49][org.springframework.context.support.GenericApplicationContext]Closing org.springframework.context.support.GenericApplicationContext@59ea632e: startup date [Mon Apr 10 16:45:48 CST 2017]; root of context hierarchy
  [INFO] [2017-04-10 16:46:15][org.springframework.beans.factory.xml.XmlBeanDefinitionReader]Loading XML bean definitions from class path resource [spring-mybatis.xml]
  [INFO] [2017-04-10 16:46:15][org.springframework.context.support.GenericApplicationContext]Refreshing org.springframework.context.support.GenericApplicationContext@48aee668: startup date [Mon Apr 10 16:46:15 CST 2017]; root of context hierarchy
  [INFO] [2017-04-10 16:46:15][org.springframework.beans.factory.config.PropertyPlaceholderConfigurer]Loading properties file from class path resource [jdbc.properties]
  [INFO] [2017-04-10 16:46:15][org.springframework.beans.factory.annotation.AutowiredAnnotationBeanPostProcessor]JSR-330 'javax.inject.Inject' annotation found and supported for autowiring
  [INFO] [2017-04-10 16:46:16][org.springframework.context.support.GenericApplicationContext]Closing org.springframework.context.support.GenericApplicationContext@48aee668: startup date [Mon Apr 10 16:46:15 CST 2017]; root of context hierarchy
  [INFO] [2017-04-10 16:49:02][org.springframework.beans.factory.xml.XmlBeanDefinitionReader]Loading XML bean definitions from class path resource [spring-mybatis.xml]
  [INFO] [2017-04-10 16:49:02][org.springframework.context.support.GenericApplicationContext]Refreshing org.springframework.context.support.GenericApplicationContext@3159fa96: startup date [Mon Apr 10 16:49:02 CST 2017]; root of context hierarchy
  [INFO] [2017-04-10 16:49:02][org.springframework.beans.factory.config.PropertyPlaceholderConfigurer]Loading properties file from class path resource [jdbc.properties]
  [INFO] [2017-04-10 16:49:02][org.springframework.beans.factory.annotation.AutowiredAnnotationBeanPostProcessor]JSR-330 'javax.inject.Inject' annotation found and supported for autowiring
  [INFO] [2017-04-10 16:49:03][org.springframework.context.support.GenericApplicationContext]Closing org.springframework.context.support.GenericApplicationContext@3159fa96: startup date [Mon Apr 10 16:49:02 CST 2017]; root of context hierarchy
  [INFO] [2017-04-10 16:51:19][org.springframework.beans.factory.xml.XmlBeanDefinitionReader]Loading XML bean definitions from class path resource [spring-mybatis.xml]
  [INFO] [2017-04-10 16:51:19][org.springframework.context.support.GenericApplicationContext]Refreshing org.springframework.context.support.GenericApplicationContext@59ea632e: startup date [Mon Apr 10 16:51:19 CST 2017]; root of context hierarchy
  [INFO] [2017-04-10 16:51:19][org.springframework.beans.factory.config.PropertyPlaceholderConfigurer]Loading properties file from class path resource [jdbc.properties]
  [INFO] [2017-04-10 16:51:19][org.springframework.beans.factory.annotation.AutowiredAnnotationBeanPostProcessor]JSR-330 'javax.inject.Inject' annotation found and supported for autowiring
  [INFO] [2017-04-10 16:51:20][org.springframework.context.support.GenericApplicationContext]Closing org.springframework.context.support.GenericApplicationContext@59ea632e: startup date [Mon Apr 10 16:51:19 CST 2017]; root of context hierarchy
  [INFO] [2017-04-10 16:54:25][org.springframework.beans.factory.xml.XmlBeanDefinitionReader]Loading XML bean definitions from class path resource [spring-mybatis.xml]
  [INFO] [2017-04-10 16:54:25][org.springframework.context.support.GenericApplicationContext]Refreshing org.springframework.context.support.GenericApplicationContext@59ea632e: startup date [Mon Apr 10 16:54:25 CST 2017]; root of context hierarchy
  [INFO] [2017-04-10 16:54:26][org.springframework.beans.factory.config.PropertyPlaceholderConfigurer]Loading properties file from class path resource [jdbc.properties]
  [INFO] [2017-04-10 16:54:26][org.springframework.beans.factory.annotation.AutowiredAnnotationBeanPostProcessor]JSR-330 'javax.inject.Inject' annotation found and supported for autowiring
  [INFO] [2017-04-10 16:54:26][org.springframework.context.support.GenericApplicationContext]Closing org.springframework.context.support.GenericApplicationContext@59ea632e: startup date [Mon Apr 10 16:54:25 CST 2017]; root of context hierarchy
  [INFO] [2017-04-10 16:59:10][org.springframework.beans.factory.xml.XmlBeanDefinitionReader]Loading XML bean definitions from class path resource [spring-mybatis.xml]
  [INFO] [2017-04-10 16:59:11][org.springframework.context.support.GenericApplicationContext]Refreshing org.springframework.context.support.GenericApplicationContext@2b158f20: startup date [Mon Apr 10 16:59:11 CST 2017]; root of context hierarchy
  [INFO] [2017-04-10 16:59:11][org.springframework.beans.factory.config.PropertyPlaceholderConfigurer]Loading properties file from class path resource [jdbc.properties]
  [INFO] [2017-04-10 16:59:11][org.springframework.beans.factory.annotation.AutowiredAnnotationBeanPostProcessor]JSR-330 'javax.inject.Inject' annotation found and supported for autowiring
  [INFO] [2017-04-10 16:59:12][test.TestM]{"companyAddr":" (400000)","companyDesc":"1. MESAFC/ACCERP 2. ITBPOEPOKPO 3.  ","companyId":5,"companyName":""}
  [INFO] [2017-04-10 16:59:12][org.springframework.context.support.GenericApplicationContext]Closing org.springframework.context.support.GenericApplicationContext@2b158f20: startup date [Mon Apr 10 16:59:11 CST 2017]; root of context hierarchy
  [INFO] [2017-04-10 16:59:26][org.springframework.beans.factory.xml.XmlBeanDefinitionReader]Loading XML bean definitions from class path resource [spring-mybatis.xml]
  [INFO] [2017-04-10 16:59:26][org.springframework.context.support.GenericApplicationContext]Refreshing org.springframework.context.support.GenericApplicationContext@3159fa96: startup date [Mon Apr 10 16:59:26 CST 2017]; root of context hierarchy
  [INFO] [2017-04-10 16:59:26][org.springframework.beans.factory.config.PropertyPlaceholderConfigurer]Loading properties file from class path resource [jdbc.properties]
  [INFO] [2017-04-10 16:59:26][org.springframework.beans.factory.annotation.AutowiredAnnotationBeanPostProcessor]JSR-330 'javax.inject.Inject' annotation found and supported for autowiring
  [INFO] [2017-04-10 16:59:27][test.TestM]{"companyAddr":" (400000)","companyDesc":"1. MESAFC/ACCERP 2. ITBPOEPOKPO 3.  ","companyId":5,"companyName":""}
  [INFO] [2017-04-10 16:59:27][org.springframework.context.support.GenericApplicationContext]Closing org.springframework.context.support.GenericApplicationContext@3159fa96: startup date [Mon Apr 10 16:59:26 CST 2017]; root of context hierarchy
  [INFO] [2017-04-10 17:00:10][org.springframework.beans.factory.xml.XmlBeanDefinitionReader]Loading XML bean definitions from class path resource [spring-mybatis.xml]
  [INFO] [2017-04-10 17:00:10][org.springframework.context.support.GenericApplicationContext]Refreshing org.springframework.context.support.GenericApplicationContext@a52a72a: startup date [Mon Apr 10 17:00:10 CST 2017]; root of context hierarchy
  [INFO] [2017-04-10 17:00:10][org.springframework.beans.factory.config.PropertyPlaceholderConfigurer]Loading properties file from class path resource [jdbc.properties]
  [INFO] [2017-04-10 17:00:10][org.springframework.beans.factory.annotation.AutowiredAnnotationBeanPostProcessor]JSR-330 'javax.inject.Inject' annotation found and supported for autowiring
  [INFO] [2017-04-10 17:00:11][test.TestM]null
  [INFO] [2017-04-10 17:00:11][org.springframework.context.support.GenericApplicationContext]Closing org.springframework.context.support.GenericApplicationContext@a52a72a: startup date [Mon Apr 10 17:00:10 CST 2017]; root of context hierarchy
  [INFO] [2017-04-10 17:00:21][org.springframework.beans.factory.xml.XmlBeanDefinitionReader]Loading XML bean definitions from class path resource [spring-mybatis.xml]
  [INFO] [2017-04-10 17:00:21][org.springframework.context.support.GenericApplicationContext]Refreshing org.springframework.context.support.GenericApplicationContext@a52a72a: startup date [Mon Apr 10 17:00:21 CST 2017]; root of context hierarchy
  [INFO] [2017-04-10 17:00:22][org.springframework.beans.factory.config.PropertyPlaceholderConfigurer]Loading properties file from class path resource [jdbc.properties]
  [INFO] [2017-04-10 17:00:22][org.springframework.beans.factory.annotation.AutowiredAnnotationBeanPostProcessor]JSR-330 'javax.inject.Inject' annotation found and supported for autowiring
  [INFO] [2017-04-10 17:00:22][test.TestM]{"companyAddr":"2841-16 (400060)","companyDesc":"20105+O2O 58  \u00A0\u00A0\u00A0\u00A0\u00A0E www.cqgjp.com 023-88515305023-88515391","companyId":8,"companyName":""}
  [INFO] [2017-04-10 17:00:22][org.springframework.context.support.GenericApplicationContext]Closing org.springframework.context.support.GenericApplicationContext@a52a72a: startup date [Mon Apr 10 17:00:21 CST 2017]; root of context hierarchy
  [INFO] [2017-04-10 17:03:17][org.springframework.beans.factory.xml.XmlBeanDefinitionReader]Loading XML bean definitions from class path resource [spring-mybatis.xml]
  [INFO] [2017-04-10 17:03:17][org.springframework.context.support.GenericApplicationContext]Refreshing org.springframework.context.support.GenericApplicationContext@2b158f20: startup date [Mon Apr 10 17:03:17 CST 2017]; root of context hierarchy
  [INFO] [2017-04-10 17:03:17][org.springframework.beans.factory.config.PropertyPlaceholderConfigurer]Loading properties file from class path resource [jdbc.properties]
  [INFO] [2017-04-10 17:03:17][org.springframework.beans.factory.annotation.AutowiredAnnotationBeanPostProcessor]JSR-330 'javax.inject.Inject' annotation found and supported for autowiring
  [INFO] [2017-04-10 17:03:18][test.TestM]{"companyAddr":"2841-16 (400060)","companyDesc":"20105+O2O 58  \u00A0\u00A0\u00A0\u00A0\u00A0E www.cqgjp.com 023-88515305023-88515391","companyId":8,"companyName":""}
  [INFO] [2017-04-10 17:03:18][org.springframework.context.support.GenericApplicationContext]Closing org.springframework.context.support.GenericApplicationContext@2b158f20: startup date [Mon Apr 10 17:03:17 CST 2017]; root of context hierarchy
  [INFO] [2017-04-10 17:03:36][org.springframework.beans.factory.xml.XmlBeanDefinitionReader]Loading XML bean definitions from class path resource [spring-mybatis.xml]
  [INFO] [2017-04-10 17:03:36][org.springframework.context.support.GenericApplicationContext]Refreshing org.springframework.context.support.GenericApplicationContext@3159fa96: startup date [Mon Apr 10 17:03:36 CST 2017]; root of context hierarchy
  [INFO] [2017-04-10 17:03:36][org.springframework.beans.factory.config.PropertyPlaceholderConfigurer]Loading properties file from class path resource [jdbc.properties]
  [INFO] [2017-04-10 17:03:36][org.springframework.beans.factory.annotation.AutowiredAnnotationBeanPostProcessor]JSR-330 'javax.inject.Inject' annotation found and supported for autowiring
  [INFO] [2017-04-10 17:03:37][test.TestM]{"companyAddr":"2841-16 (400060)","companyDesc":"20105+O2O 58  \u00A0\u00A0\u00A0\u00A0\u00A0E www.cqgjp.com 023-88515305023-88515391","companyId":8,"companyName":""}
  [INFO] [2017-04-10 17:03:37][org.springframework.context.support.GenericApplicationContext]Closing org.springframework.context.support.GenericApplicationContext@3159fa96: startup date [Mon Apr 10 17:03:36 CST 2017]; root of context hierarchy
  [INFO] [2017-04-10 17:25:11][org.springframework.beans.factory.xml.XmlBeanDefinitionReader]Loading XML bean definitions from class path resource [spring-mybatis.xml]
  [INFO] [2017-04-10 17:25:11][org.springframework.context.support.GenericApplicationContext]Refreshing org.springframework.context.support.GenericApplicationContext@4d88f286: startup date [Mon Apr 10 17:25:11 CST 2017]; root of context hierarchy
  [INFO] [2017-04-10 17:25:12][org.springframework.beans.factory.config.PropertyPlaceholderConfigurer]Loading properties file from class path resource [jdbc.properties]
  [INFO] [2017-04-10 17:25:12][org.springframework.beans.factory.annotation.AutowiredAnnotationBeanPostProcessor]JSR-330 'javax.inject.Inject' annotation found and supported for autowiring
  [INFO] [2017-04-10 17:25:12][test.TestM]{"companyAddr":"2841-16 (400060)","companyDesc":"20105+O2O 58  \u00A0\u00A0\u00A0\u00A0\u00A0E www.cqgjp.com 023-88515305023-88515391","companyId":8,"companyName":""}
  [INFO] [2017-04-10 17:25:13][org.springframework.context.support.GenericApplicationContext]Closing org.springframework.context.support.GenericApplicationContext@4d88f286: startup date [Mon Apr 10 17:25:11 CST 2017]; root of context hierarchy
  [INFO] [2017-04-17 15:20:47][com.yu.common.Validator]--------------------------------
  [INFO] [2017-04-17 15:20:47][com.yu.common.Validator]---------------serialVersionUID-----------------
  [INFO] [2017-04-17 15:20:47][com.yu.common.Validator]---------------addrId-----------------
  [INFO] [2017-04-17 15:20:47][com.yu.common.Validator]---------------userId-----------------
  [INFO] [2017-04-17 15:20:47][com.yu.common.Validator]---------------userId-----------------
  [INFO] [2017-04-17 15:20:47][com.yu.common.Validator]---------------address-----------------
  [INFO] [2017-04-17 15:20:47][com.yu.common.Validator]---------------address-----------------
  [INFO] [2017-04-17 15:20:47][com.yu.common.Validator]---------------addrPhone-----------------
  [INFO] [2017-04-17 15:20:47][com.yu.common.Validator]---------------addrPhone-----------------
  [INFO] [2017-04-17 15:20:47][com.yu.common.Validator]---------------addrTel-----------------
  [INFO] [2017-04-17 15:20:47][com.yu.common.Validator]---------------addrTel-----------------
  [INFO] [2017-04-17 15:20:47][com.yu.common.Validator]---------------receiver-----------------
  [INFO] [2017-04-17 15:20:47][com.yu.common.Validator]---------------receiver-----------------
  [INFO] [2017-04-17 15:20:47][com.yu.common.Validator]---------------isdefault-----------------
  [INFO] [2017-04-17 15:20:47][com.yu.common.Validator]---------------checkObject-----------------
  [INFO] [2017-04-17 15:22:29][com.yu.common.Validator]--------------------------------
  [INFO] [2017-04-17 15:22:29][com.yu.common.Validator]---------------serialVersionUID-----------------
  [INFO] [2017-04-17 15:22:29][com.yu.common.Validator]---------------serialVersionUID-----------------
  [INFO] [2017-04-17 15:22:29][com.yu.common.Validator]---------------addrId-----------------
  [INFO] [2017-04-17 15:22:29][com.yu.common.Validator]---------------addrId-----------------
  [INFO] [2017-04-17 15:22:29][com.yu.common.Validator]---------------userId-----------------
  [INFO] [2017-04-17 15:22:29][com.yu.common.Validator]---------------userId-----------------
  [INFO] [2017-04-17 15:22:29][com.yu.common.Validator]---------------address-----------------
  [INFO] [2017-04-17 15:22:29][com.yu.common.Validator]---------------address-----------------
  [INFO] [2017-04-17 15:22:29][com.yu.common.Validator]---------------addrPhone-----------------
  [INFO] [2017-04-17 15:22:29][com.yu.common.Validator]---------------addrPhone-----------------
  [INFO] [2017-04-17 15:22:29][com.yu.common.Validator]---------------addrTel-----------------
  [INFO] [2017-04-17 15:22:29][com.yu.common.Validator]---------------addrTel-----------------
  [INFO] [2017-04-17 15:22:29][com.yu.common.Validator]---------------receiver-----------------
  [INFO] [2017-04-17 15:22:29][com.yu.common.Validator]---------------receiver-----------------
  [INFO] [2017-04-17 15:22:29][com.yu.common.Validator]---------------isdefault-----------------
  [INFO] [2017-04-17 15:22:29][com.yu.common.Validator]---------------isdefault-----------------
  [INFO] [2017-04-17 15:22:29][com.yu.common.Validator]---------------checkObject-----------------
  [INFO] [2017-04-17 15:23:17][com.yu.common.Validator]--------------------------------
  [INFO] [2017-04-17 15:23:17][com.yu.common.Validator]---------------serialVersionUID-----------------
  [INFO] [2017-04-17 15:23:17][com.yu.common.Validator]---------------serialVersionUID-----------------
  [INFO] [2017-04-17 15:23:17][com.yu.common.Validator]---------------addrId-----------------
  [INFO] [2017-04-17 15:23:17][com.yu.common.Validator]---------------addrId-----------------
  [INFO] [2017-04-17 15:23:17][com.yu.common.Validator]---------------userId-----------------
  [INFO] [2017-04-17 15:23:17][com.yu.common.Validator]---------------userId-----------------
  [INFO] [2017-04-17 15:23:17][com.yu.common.Validator]---------------address-----------------
  [INFO] [2017-04-17 15:24:36][com.yu.common.Validator]--------------------------------
  [INFO] [2017-04-17 15:24:36][com.yu.common.Validator]---------------serialVersionUID-----------------
  [INFO] [2017-04-17 15:24:36][com.yu.common.Validator]---------------serialVersionUID-----------------
  [INFO] [2017-04-17 15:24:36][com.yu.common.Validator]---------------addrId-----------------
  [INFO] [2017-04-17 15:24:36][com.yu.common.Validator]---------------addrId-----------------
  [INFO] [2017-04-17 15:24:36][com.yu.common.Validator]---------------userId-----------------
  [INFO] [2017-04-17 15:24:36][com.yu.common.Validator]---------------userId-----------------
  [INFO] [2017-04-17 15:24:36][com.yu.common.Validator]---------------address-----------------
  [INFO] [2017-04-17 15:25:08][com.yu.common.Validator]--------------------------------
  [INFO] [2017-04-17 15:25:08][com.yu.common.Validator]---------------serialVersionUID-----------------
  [INFO] [2017-04-17 15:25:08][com.yu.common.Validator]---------------serialVersionUID-----------------
  [INFO] [2017-04-17 15:25:08][com.yu.common.Validator]---------------addrId-----------------
  [INFO] [2017-04-17 15:25:08][com.yu.common.Validator]---------------addrId-----------------
  [INFO] [2017-04-17 15:25:08][com.yu.common.Validator]---------------userId-----------------
  [INFO] [2017-04-17 15:25:08][com.yu.common.Validator]---------------userId-----------------
  [INFO] [2017-04-17 15:25:08][com.yu.common.Validator]---------------address-----------------
  [INFO] [2017-04-17 15:25:44][com.yu.common.Validator]--------------------------------
  [INFO] [2017-04-17 15:25:44][com.yu.common.Validator]---------------serialVersionUID-----------------
  [INFO] [2017-04-17 15:25:44][com.yu.common.Validator]---------------serialVersionUID-----------------
  [INFO] [2017-04-17 15:25:44][com.yu.common.Validator]---------------addrId-----------------
  [INFO] [2017-04-17 15:25:44][com.yu.common.Validator]---------------addrId-----------------
  [INFO] [2017-04-17 15:25:44][com.yu.common.Validator]---------------userId-----------------
  [INFO] [2017-04-17 15:25:44][com.yu.common.Validator]---------------userId-----------------
  [INFO] [2017-04-17 15:25:44][com.yu.common.Validator]---------------address-----------------
  [INFO] [2017-04-17 15:26:03][com.yu.common.Validator]--------------------------------
  [INFO] [2017-04-17 15:26:03][com.yu.common.Validator]---------------serialVersionUID-----------------
  [INFO] [2017-04-17 15:26:03][com.yu.common.Validator]---------------serialVersionUID-----------------
  [INFO] [2017-04-17 15:26:03][com.yu.common.Validator]---------------addrId-----------------
  [INFO] [2017-04-17 15:26:03][com.yu.common.Validator]---------------addrId-----------------
  [INFO] [2017-04-17 15:26:03][com.yu.common.Validator]---------------userId-----------------
  [INFO] [2017-04-17 15:26:03][com.yu.common.Validator]---------------userId-----------------
  [INFO] [2017-04-17 15:26:03][com.yu.common.Validator]---------------address-----------------
  [INFO] [2017-04-17 15:27:08][com.yu.common.Validator]--------------------------------
  [INFO] [2017-04-17 15:27:08][com.yu.common.Validator]---------------serialVersionUID-----------------
  [INFO] [2017-04-17 15:27:08][com.yu.common.Validator]---------------serialVersionUID-----------------
  [INFO] [2017-04-17 15:27:08][com.yu.common.Validator]---------------addrId-----------------
  [INFO] [2017-04-17 15:27:08][com.yu.common.Validator]---------------addrId-----------------
  [INFO] [2017-04-17 15:27:08][com.yu.common.Validator]---------------userId-----------------
  [INFO] [2017-04-17 15:27:08][com.yu.common.Validator]---------------userId-----------------
  [INFO] [2017-04-17 15:27:08][com.yu.common.Validator]---------------address-----------------
  [INFO] [2017-04-17 15:30:14][com.yu.common.Validator]--------------------------------
  [INFO] [2017-04-17 15:30:14][com.yu.common.Validator]---------------serialVersionUID-----------------
  [INFO] [2017-04-17 15:30:14][com.yu.common.Validator]---------------serialVersionUID-----------------
  [INFO] [2017-04-17 15:30:14][com.yu.common.Validator]---------------addrId-----------------
  [INFO] [2017-04-17 15:30:14][com.yu.common.Validator]---------------addrId-----------------
  [INFO] [2017-04-17 15:30:14][com.yu.common.Validator]---------------userId-----------------
  [INFO] [2017-04-17 15:30:14][com.yu.common.Validator]---------------userId-----------------
  [INFO] [2017-04-17 15:30:14][com.yu.common.Validator]---------------address-----------------
  [INFO] [2017-04-17 15:30:36][com.yu.common.Validator]--------------------------------
  [INFO] [2017-04-17 15:30:36][com.yu.common.Validator]---------------serialVersionUID-----------------
  [INFO] [2017-04-17 15:30:36][com.yu.common.Validator]---------------serialVersionUID-----------------
  [INFO] [2017-04-17 15:30:36][com.yu.common.Validator]---------------addrId-----------------
  [INFO] [2017-04-17 15:30:36][com.yu.common.Validator]---------------addrId-----------------
  [INFO] [2017-04-17 15:30:36][com.yu.common.Validator]---------------userId-----------------
  [INFO] [2017-04-17 15:30:36][com.yu.common.Validator]---------------userId-----------------
  [INFO] [2017-04-17 15:30:36][com.yu.common.Validator]---------------address-----------------
  [INFO] [2017-04-17 15:30:36][com.yu.common.Validator]---------------address-----------------
  [INFO] [2017-04-17 15:30:36][com.yu.common.Validator]---------------addrPhone-----------------
  [INFO] [2017-04-17 15:30:36][com.yu.common.Validator]---------------addrPhone-----------------
  [INFO] [2017-04-17 15:30:36][com.yu.common.Validator]---------------addrTel-----------------
  [INFO] [2017-04-17 15:30:36][com.yu.common.Validator]---------------addrTel-----------------
  [INFO] [2017-04-17 15:30:36][com.yu.common.Validator]---------------receiver-----------------
  [INFO] [2017-04-17 15:30:36][com.yu.common.Validator]---------------receiver-----------------
  [INFO] [2017-04-17 15:30:36][com.yu.common.Validator]---------------isdefault-----------------
  [INFO] [2017-04-17 15:30:36][com.yu.common.Validator]---------------isdefault-----------------
  [INFO] [2017-04-17 15:30:36][com.yu.common.Validator]---------------checkObject-----------------
  [INFO] [2017-04-17 15:30:49][com.yu.common.Validator]--------------------------------
  [INFO] [2017-04-17 15:30:49][com.yu.common.Validator]---------------serialVersionUID-----------------
  [INFO] [2017-04-17 15:30:49][com.yu.common.Validator]---------------serialVersionUID-----------------
  [INFO] [2017-04-17 15:30:49][com.yu.common.Validator]---------------addrId-----------------
  [INFO] [2017-04-17 15:30:49][com.yu.common.Validator]---------------addrId-----------------
  [INFO] [2017-04-17 15:30:49][com.yu.common.Validator]---------------userId-----------------
  [INFO] [2017-04-17 15:30:49][com.yu.common.Validator]---------------userId-----------------
  [INFO] [2017-04-17 15:30:49][com.yu.common.Validator]---------------address-----------------
  [INFO] [2017-04-17 15:30:49][com.yu.common.Validator]---------------address-----------------
  [INFO] [2017-04-17 15:30:49][com.yu.common.Validator]---------------addrPhone-----------------
  [INFO] [2017-04-17 15:30:49][com.yu.common.Validator]---------------addrPhone-----------------
  [INFO] [2017-04-17 15:30:49][com.yu.common.Validator]---------------addrTel-----------------
  [INFO] [2017-04-17 15:30:49][com.yu.common.Validator]---------------addrTel-----------------
  [INFO] [2017-04-17 15:30:49][com.yu.common.Validator]---------------receiver-----------------
  [INFO] [2017-04-17 15:30:49][com.yu.common.Validator]---------------receiver-----------------
  [INFO] [2017-04-17 15:30:49][com.yu.common.Validator]---------------isdefault-----------------
  [INFO] [2017-04-17 15:30:49][com.yu.common.Validator]---------------isdefault-----------------
  [INFO] [2017-04-17 15:30:49][com.yu.common.Validator]---------------checkObject-----------------
  [INFO] [2017-04-17 15:31:30][com.yu.common.Validator]--------------------------------
  [INFO] [2017-04-17 15:31:30][com.yu.common.Validator]---------------serialVersionUID-----------------
  [INFO] [2017-04-17 15:31:30][com.yu.common.Validator]---------------serialVersionUID-----------------
  [INFO] [2017-04-17 15:31:30][com.yu.common.Validator]---------------addrId-----------------
  [INFO] [2017-04-17 15:31:30][com.yu.common.Validator]---------------addrId-----------------
  [INFO] [2017-04-17 15:31:30][com.yu.common.Validator]---------------userId-----------------
  [INFO] [2017-04-17 15:31:30][com.yu.common.Validator]---------------userId-----------------
  [INFO] [2017-04-17 15:31:30][com.yu.common.Validator]---------------address-----------------
  [INFO] [2017-04-17 15:31:30][com.yu.common.Validator]---------------address-----------------
  [INFO] [2017-04-17 15:31:30][com.yu.common.Validator]---------------addrPhone-----------------
  [INFO] [2017-04-17 15:31:30][com.yu.common.Validator]---------------addrPhone-----------------
  [INFO] [2017-04-17 15:31:30][com.yu.common.Validator]---------------addrTel-----------------
  [INFO] [2017-04-17 15:31:30][com.yu.common.Validator]---------------addrTel-----------------
  [INFO] [2017-04-17 15:31:30][com.yu.common.Validator]---------------receiver-----------------
  [INFO] [2017-04-17 15:31:30][com.yu.common.Validator]---------------receiver-----------------
  [INFO] [2017-04-17 15:31:30][com.yu.common.Validator]---------------isdefault-----------------
  [INFO] [2017-04-17 15:31:30][com.yu.common.Validator]---------------isdefault-----------------
  [INFO] [2017-04-17 15:31:30][com.yu.common.Validator]---------------checkObject-----------------
  [INFO] [2017-04-17 15:31:34][com.yu.common.Validator]--------------------------------
  [INFO] [2017-04-17 15:31:34][com.yu.common.Validator]---------------serialVersionUID-----------------
  [INFO] [2017-04-17 15:31:34][com.yu.common.Validator]---------------serialVersionUID-----------------
  [INFO] [2017-04-17 15:31:34][com.yu.common.Validator]---------------addrId-----------------
  [INFO] [2017-04-17 15:31:34][com.yu.common.Validator]---------------addrId-----------------
  [INFO] [2017-04-17 15:31:34][com.yu.common.Validator]---------------userId-----------------
  [INFO] [2017-04-17 15:31:34][com.yu.common.Validator]---------------userId-----------------
  [INFO] [2017-04-17 15:31:34][com.yu.common.Validator]---------------address-----------------
  [INFO] [2017-04-17 15:31:34][com.yu.common.Validator]---------------address-----------------
  [INFO] [2017-04-17 15:31:34][com.yu.common.Validator]---------------addrPhone-----------------
  [INFO] [2017-04-17 15:31:34][com.yu.common.Validator]---------------addrPhone-----------------
  [INFO] [2017-04-17 15:31:34][com.yu.common.Validator]---------------addrTel-----------------
  [INFO] [2017-04-17 15:31:34][com.yu.common.Validator]---------------addrTel-----------------
  [INFO] [2017-04-17 15:31:34][com.yu.common.Validator]---------------receiver-----------------
  [INFO] [2017-04-17 15:31:34][com.yu.common.Validator]---------------receiver-----------------
  [INFO] [2017-04-17 15:31:34][com.yu.common.Validator]---------------isdefault-----------------
  [INFO] [2017-04-17 15:31:34][com.yu.common.Validator]---------------isdefault-----------------
  [INFO] [2017-04-17 15:31:34][com.yu.common.Validator]---------------checkObject-----------------
  